<?xml version="1.0" encoding="UTF-8"?>
<testsuite xmlns:xsi="http://www.w3.org/2001/XMLSchema-instance" xsi:noNamespaceSchemaLocation="https://maven.apache.org/surefire/maven-surefire-plugin/xsd/surefire-test-report.xsd" name="onlyfortheselected.OnlyForTheSelectedApplicationTest" time="10.661" tests="4" errors="0" skipped="0" failures="2">
  <properties>
    <property name="sun.desktop" value="windows"/>
    <property name="awt.toolkit" value="sun.awt.windows.WToolkit"/>
    <property name="file.encoding.pkg" value="sun.io"/>
    <property name="java.specification.version" value="1.8"/>
    <property name="sun.cpu.isalist" value="amd64"/>
    <property name="sun.jnu.encoding" value="Cp1252"/>
    <property name="java.class.path" value="C:\Users\Jouni\Documents\NetBeansProjects\mooc-web-palvelinohjelmointi-s19\osa05-Osa05_07.OnlyForTheSelected\target\test-classes;C:\Users\Jouni\Documents\NetBeansProjects\mooc-web-palvelinohjelmointi-s19\osa05-Osa05_07.OnlyForTheSelected\target\classes;C:\Users\Jouni\.m2\repository\org\springframework\boot\spring-boot-starter-web\2.1.3.RELEASE\spring-boot-starter-web-2.1.3.RELEASE.jar;C:\Users\Jouni\.m2\repository\org\springframework\boot\spring-boot-starter\2.1.3.RELEASE\spring-boot-starter-2.1.3.RELEASE.jar;C:\Users\Jouni\.m2\repository\org\springframework\boot\spring-boot-starter-logging\2.1.3.RELEASE\spring-boot-starter-logging-2.1.3.RELEASE.jar;C:\Users\Jouni\.m2\repository\ch\qos\logback\logback-classic\1.2.3\logback-classic-1.2.3.jar;C:\Users\Jouni\.m2\repository\ch\qos\logback\logback-core\1.2.3\logback-core-1.2.3.jar;C:\Users\Jouni\.m2\repository\org\apache\logging\log4j\log4j-to-slf4j\2.11.2\log4j-to-slf4j-2.11.2.jar;C:\Users\Jouni\.m2\repository\org\apache\logging\log4j\log4j-api\2.11.2\log4j-api-2.11.2.jar;C:\Users\Jouni\.m2\repository\org\slf4j\jul-to-slf4j\1.7.25\jul-to-slf4j-1.7.25.jar;C:\Users\Jouni\.m2\repository\javax\annotation\javax.annotation-api\1.3.2\javax.annotation-api-1.3.2.jar;C:\Users\Jouni\.m2\repository\org\yaml\snakeyaml\1.23\snakeyaml-1.23.jar;C:\Users\Jouni\.m2\repository\org\springframework\boot\spring-boot-starter-json\2.1.3.RELEASE\spring-boot-starter-json-2.1.3.RELEASE.jar;C:\Users\Jouni\.m2\repository\com\fasterxml\jackson\core\jackson-databind\2.9.8\jackson-databind-2.9.8.jar;C:\Users\Jouni\.m2\repository\com\fasterxml\jackson\core\jackson-annotations\2.9.0\jackson-annotations-2.9.0.jar;C:\Users\Jouni\.m2\repository\com\fasterxml\jackson\core\jackson-core\2.9.8\jackson-core-2.9.8.jar;C:\Users\Jouni\.m2\repository\com\fasterxml\jackson\datatype\jackson-datatype-jdk8\2.9.8\jackson-datatype-jdk8-2.9.8.jar;C:\Users\Jouni\.m2\repository\com\fasterxml\jackson\datatype\jackson-datatype-jsr310\2.9.8\jackson-datatype-jsr310-2.9.8.jar;C:\Users\Jouni\.m2\repository\com\fasterxml\jackson\module\jackson-module-parameter-names\2.9.8\jackson-module-parameter-names-2.9.8.jar;C:\Users\Jouni\.m2\repository\org\springframework\boot\spring-boot-starter-tomcat\2.1.3.RELEASE\spring-boot-starter-tomcat-2.1.3.RELEASE.jar;C:\Users\Jouni\.m2\repository\org\apache\tomcat\embed\tomcat-embed-core\9.0.16\tomcat-embed-core-9.0.16.jar;C:\Users\Jouni\.m2\repository\org\apache\tomcat\embed\tomcat-embed-el\9.0.16\tomcat-embed-el-9.0.16.jar;C:\Users\Jouni\.m2\repository\org\apache\tomcat\embed\tomcat-embed-websocket\9.0.16\tomcat-embed-websocket-9.0.16.jar;C:\Users\Jouni\.m2\repository\org\hibernate\validator\hibernate-validator\6.0.14.Final\hibernate-validator-6.0.14.Final.jar;C:\Users\Jouni\.m2\repository\javax\validation\validation-api\2.0.1.Final\validation-api-2.0.1.Final.jar;C:\Users\Jouni\.m2\repository\org\jboss\logging\jboss-logging\3.3.2.Final\jboss-logging-3.3.2.Final.jar;C:\Users\Jouni\.m2\repository\com\fasterxml\classmate\1.4.0\classmate-1.4.0.jar;C:\Users\Jouni\.m2\repository\org\springframework\spring-web\5.1.5.RELEASE\spring-web-5.1.5.RELEASE.jar;C:\Users\Jouni\.m2\repository\org\springframework\spring-beans\5.1.5.RELEASE\spring-beans-5.1.5.RELEASE.jar;C:\Users\Jouni\.m2\repository\org\springframework\spring-webmvc\5.1.5.RELEASE\spring-webmvc-5.1.5.RELEASE.jar;C:\Users\Jouni\.m2\repository\org\springframework\spring-context\5.1.5.RELEASE\spring-context-5.1.5.RELEASE.jar;C:\Users\Jouni\.m2\repository\org\springframework\spring-expression\5.1.5.RELEASE\spring-expression-5.1.5.RELEASE.jar;C:\Users\Jouni\.m2\repository\org\springframework\boot\spring-boot-starter-thymeleaf\2.1.3.RELEASE\spring-boot-starter-thymeleaf-2.1.3.RELEASE.jar;C:\Users\Jouni\.m2\repository\org\thymeleaf\thymeleaf-spring5\3.0.11.RELEASE\thymeleaf-spring5-3.0.11.RELEASE.jar;C:\Users\Jouni\.m2\repository\org\thymeleaf\thymeleaf\3.0.11.RELEASE\thymeleaf-3.0.11.RELEASE.jar;C:\Users\Jouni\.m2\repository\org\attoparser\attoparser\2.0.5.RELEASE\attoparser-2.0.5.RELEASE.jar;C:\Users\Jouni\.m2\repository\org\unbescape\unbescape\1.1.6.RELEASE\unbescape-1.1.6.RELEASE.jar;C:\Users\Jouni\.m2\repository\org\thymeleaf\extras\thymeleaf-extras-java8time\3.0.3.RELEASE\thymeleaf-extras-java8time-3.0.3.RELEASE.jar;C:\Users\Jouni\.m2\repository\org\springframework\boot\spring-boot-starter-security\2.1.3.RELEASE\spring-boot-starter-security-2.1.3.RELEASE.jar;C:\Users\Jouni\.m2\repository\org\springframework\spring-aop\5.1.5.RELEASE\spring-aop-5.1.5.RELEASE.jar;C:\Users\Jouni\.m2\repository\org\springframework\security\spring-security-config\5.1.4.RELEASE\spring-security-config-5.1.4.RELEASE.jar;C:\Users\Jouni\.m2\repository\org\springframework\security\spring-security-core\5.1.4.RELEASE\spring-security-core-5.1.4.RELEASE.jar;C:\Users\Jouni\.m2\repository\org\springframework\security\spring-security-web\5.1.4.RELEASE\spring-security-web-5.1.4.RELEASE.jar;C:\Users\Jouni\.m2\repository\org\thymeleaf\extras\thymeleaf-extras-springsecurity5\3.0.4.RELEASE\thymeleaf-extras-springsecurity5-3.0.4.RELEASE.jar;C:\Users\Jouni\.m2\repository\org\slf4j\slf4j-api\1.7.25\slf4j-api-1.7.25.jar;C:\Users\Jouni\.m2\repository\org\springframework\boot\spring-boot-devtools\2.1.3.RELEASE\spring-boot-devtools-2.1.3.RELEASE.jar;C:\Users\Jouni\.m2\repository\org\springframework\boot\spring-boot\2.1.3.RELEASE\spring-boot-2.1.3.RELEASE.jar;C:\Users\Jouni\.m2\repository\org\springframework\boot\spring-boot-autoconfigure\2.1.3.RELEASE\spring-boot-autoconfigure-2.1.3.RELEASE.jar;C:\Users\Jouni\.m2\repository\org\springframework\boot\spring-boot-starter-test\2.1.3.RELEASE\spring-boot-starter-test-2.1.3.RELEASE.jar;C:\Users\Jouni\.m2\repository\org\springframework\boot\spring-boot-test\2.1.3.RELEASE\spring-boot-test-2.1.3.RELEASE.jar;C:\Users\Jouni\.m2\repository\org\springframework\boot\spring-boot-test-autoconfigure\2.1.3.RELEASE\spring-boot-test-autoconfigure-2.1.3.RELEASE.jar;C:\Users\Jouni\.m2\repository\com\jayway\jsonpath\json-path\2.4.0\json-path-2.4.0.jar;C:\Users\Jouni\.m2\repository\net\minidev\json-smart\2.3\json-smart-2.3.jar;C:\Users\Jouni\.m2\repository\net\minidev\accessors-smart\1.2\accessors-smart-1.2.jar;C:\Users\Jouni\.m2\repository\org\ow2\asm\asm\5.0.4\asm-5.0.4.jar;C:\Users\Jouni\.m2\repository\junit\junit\4.12\junit-4.12.jar;C:\Users\Jouni\.m2\repository\org\assertj\assertj-core\3.11.1\assertj-core-3.11.1.jar;C:\Users\Jouni\.m2\repository\org\mockito\mockito-core\2.23.4\mockito-core-2.23.4.jar;C:\Users\Jouni\.m2\repository\net\bytebuddy\byte-buddy\1.9.10\byte-buddy-1.9.10.jar;C:\Users\Jouni\.m2\repository\net\bytebuddy\byte-buddy-agent\1.9.10\byte-buddy-agent-1.9.10.jar;C:\Users\Jouni\.m2\repository\org\objenesis\objenesis\2.6\objenesis-2.6.jar;C:\Users\Jouni\.m2\repository\org\hamcrest\hamcrest-core\1.3\hamcrest-core-1.3.jar;C:\Users\Jouni\.m2\repository\org\hamcrest\hamcrest-library\1.3\hamcrest-library-1.3.jar;C:\Users\Jouni\.m2\repository\org\skyscreamer\jsonassert\1.5.0\jsonassert-1.5.0.jar;C:\Users\Jouni\.m2\repository\com\vaadin\external\google\android-json\0.0.20131108.vaadin1\android-json-0.0.20131108.vaadin1.jar;C:\Users\Jouni\.m2\repository\org\springframework\spring-core\5.1.5.RELEASE\spring-core-5.1.5.RELEASE.jar;C:\Users\Jouni\.m2\repository\org\springframework\spring-jcl\5.1.5.RELEASE\spring-jcl-5.1.5.RELEASE.jar;C:\Users\Jouni\.m2\repository\org\springframework\spring-test\5.1.5.RELEASE\spring-test-5.1.5.RELEASE.jar;C:\Users\Jouni\.m2\repository\org\xmlunit\xmlunit-core\2.6.2\xmlunit-core-2.6.2.jar;C:\Users\Jouni\.m2\repository\org\projectlombok\lombok\1.18.6\lombok-1.18.6.jar;C:\Users\Jouni\.m2\repository\org\springframework\boot\spring-boot-starter-data-jpa\2.1.3.RELEASE\spring-boot-starter-data-jpa-2.1.3.RELEASE.jar;C:\Users\Jouni\.m2\repository\org\springframework\boot\spring-boot-starter-aop\2.1.3.RELEASE\spring-boot-starter-aop-2.1.3.RELEASE.jar;C:\Users\Jouni\.m2\repository\org\aspectj\aspectjweaver\1.9.2\aspectjweaver-1.9.2.jar;C:\Users\Jouni\.m2\repository\org\springframework\boot\spring-boot-starter-jdbc\2.1.3.RELEASE\spring-boot-starter-jdbc-2.1.3.RELEASE.jar;C:\Users\Jouni\.m2\repository\com\zaxxer\HikariCP\3.2.0\HikariCP-3.2.0.jar;C:\Users\Jouni\.m2\repository\org\springframework\spring-jdbc\5.1.5.RELEASE\spring-jdbc-5.1.5.RELEASE.jar;C:\Users\Jouni\.m2\repository\javax\transaction\javax.transaction-api\1.3\javax.transaction-api-1.3.jar;C:\Users\Jouni\.m2\repository\javax\xml\bind\jaxb-api\2.3.1\jaxb-api-2.3.1.jar;C:\Users\Jouni\.m2\repository\javax\activation\javax.activation-api\1.2.0\javax.activation-api-1.2.0.jar;C:\Users\Jouni\.m2\repository\org\hibernate\hibernate-core\5.3.7.Final\hibernate-core-5.3.7.Final.jar;C:\Users\Jouni\.m2\repository\javax\persistence\javax.persistence-api\2.2\javax.persistence-api-2.2.jar;C:\Users\Jouni\.m2\repository\org\javassist\javassist\3.23.1-GA\javassist-3.23.1-GA.jar;C:\Users\Jouni\.m2\repository\antlr\antlr\2.7.7\antlr-2.7.7.jar;C:\Users\Jouni\.m2\repository\org\jboss\jandex\2.0.5.Final\jandex-2.0.5.Final.jar;C:\Users\Jouni\.m2\repository\org\dom4j\dom4j\2.1.1\dom4j-2.1.1.jar;C:\Users\Jouni\.m2\repository\org\hibernate\common\hibernate-commons-annotations\5.0.4.Final\hibernate-commons-annotations-5.0.4.Final.jar;C:\Users\Jouni\.m2\repository\org\springframework\data\spring-data-jpa\2.1.5.RELEASE\spring-data-jpa-2.1.5.RELEASE.jar;C:\Users\Jouni\.m2\repository\org\springframework\data\spring-data-commons\2.1.5.RELEASE\spring-data-commons-2.1.5.RELEASE.jar;C:\Users\Jouni\.m2\repository\org\springframework\spring-orm\5.1.5.RELEASE\spring-orm-5.1.5.RELEASE.jar;C:\Users\Jouni\.m2\repository\org\springframework\spring-tx\5.1.5.RELEASE\spring-tx-5.1.5.RELEASE.jar;C:\Users\Jouni\.m2\repository\org\springframework\spring-aspects\5.1.5.RELEASE\spring-aspects-5.1.5.RELEASE.jar;C:\Users\Jouni\.m2\repository\com\h2database\h2\1.4.197\h2-1.4.197.jar;C:\Users\Jouni\.m2\repository\org\fluentlenium\fluentlenium-junit\3.7.1\fluentlenium-junit-3.7.1.jar;C:\Users\Jouni\.m2\repository\org\fluentlenium\fluentlenium-core\3.7.1\fluentlenium-core-3.7.1.jar;C:\Users\Jouni\.m2\repository\org\seleniumhq\selenium\selenium-remote-driver\3.14.0\selenium-remote-driver-3.14.0.jar;C:\Users\Jouni\.m2\repository\org\atteo\classindex\classindex\3.4\classindex-3.4.jar;C:\Users\Jouni\.m2\repository\commons-io\commons-io\2.6\commons-io-2.6.jar;C:\Users\Jouni\.m2\repository\org\apache\commons\commons-lang3\3.8.1\commons-lang3-3.8.1.jar;C:\Users\Jouni\.m2\repository\org\apache\httpcomponents\httpclient\4.5.7\httpclient-4.5.7.jar;C:\Users\Jouni\.m2\repository\org\fluentlenium\fluentlenium-assertj\3.7.1\fluentlenium-assertj-3.7.1.jar;C:\Users\Jouni\.m2\repository\org\seleniumhq\selenium\selenium-api\3.14.0\selenium-api-3.14.0.jar;C:\Users\Jouni\.m2\repository\org\seleniumhq\selenium\htmlunit-driver\2.33.0\htmlunit-driver-2.33.0.jar;C:\Users\Jouni\.m2\repository\org\seleniumhq\selenium\selenium-support\3.14.0\selenium-support-3.14.0.jar;C:\Users\Jouni\.m2\repository\org\apache\commons\commons-exec\1.3\commons-exec-1.3.jar;C:\Users\Jouni\.m2\repository\commons-codec\commons-codec\1.11\commons-codec-1.11.jar;C:\Users\Jouni\.m2\repository\com\google\guava\guava\25.0-jre\guava-25.0-jre.jar;C:\Users\Jouni\.m2\repository\com\google\code\findbugs\jsr305\1.3.9\jsr305-1.3.9.jar;C:\Users\Jouni\.m2\repository\org\checkerframework\checker-compat-qual\2.0.0\checker-compat-qual-2.0.0.jar;C:\Users\Jouni\.m2\repository\com\google\errorprone\error_prone_annotations\2.1.3\error_prone_annotations-2.1.3.jar;C:\Users\Jouni\.m2\repository\com\google\j2objc\j2objc-annotations\1.1\j2objc-annotations-1.1.jar;C:\Users\Jouni\.m2\repository\org\codehaus\mojo\animal-sniffer-annotations\1.14\animal-sniffer-annotations-1.14.jar;C:\Users\Jouni\.m2\repository\org\apache\httpcomponents\httpcore\4.4.11\httpcore-4.4.11.jar;C:\Users\Jouni\.m2\repository\com\squareup\okhttp3\okhttp\3.10.0\okhttp-3.10.0.jar;C:\Users\Jouni\.m2\repository\com\squareup\okio\okio\1.14.1\okio-1.14.1.jar;C:\Users\Jouni\.m2\repository\net\sourceforge\htmlunit\htmlunit\2.33\htmlunit-2.33.jar;C:\Users\Jouni\.m2\repository\xalan\xalan\2.7.2\xalan-2.7.2.jar;C:\Users\Jouni\.m2\repository\xalan\serializer\2.7.2\serializer-2.7.2.jar;C:\Users\Jouni\.m2\repository\org\apache\commons\commons-text\1.4\commons-text-1.4.jar;C:\Users\Jouni\.m2\repository\org\apache\httpcomponents\httpmime\4.5.7\httpmime-4.5.7.jar;C:\Users\Jouni\.m2\repository\net\sourceforge\htmlunit\htmlunit-core-js\2.33\htmlunit-core-js-2.33.jar;C:\Users\Jouni\.m2\repository\net\sourceforge\htmlunit\neko-htmlunit\2.33\neko-htmlunit-2.33.jar;C:\Users\Jouni\.m2\repository\xerces\xercesImpl\2.12.0\xercesImpl-2.12.0.jar;C:\Users\Jouni\.m2\repository\xml-apis\xml-apis\1.4.01\xml-apis-1.4.01.jar;C:\Users\Jouni\.m2\repository\net\sourceforge\htmlunit\htmlunit-cssparser\1.2.0\htmlunit-cssparser-1.2.0.jar;C:\Users\Jouni\.m2\repository\commons-net\commons-net\3.6\commons-net-3.6.jar;C:\Users\Jouni\.m2\repository\org\eclipse\jetty\websocket\websocket-client\9.4.14.v20181114\websocket-client-9.4.14.v20181114.jar;C:\Users\Jouni\.m2\repository\org\eclipse\jetty\jetty-client\9.4.14.v20181114\jetty-client-9.4.14.v20181114.jar;C:\Users\Jouni\.m2\repository\org\eclipse\jetty\jetty-http\9.4.14.v20181114\jetty-http-9.4.14.v20181114.jar;C:\Users\Jouni\.m2\repository\org\eclipse\jetty\jetty-xml\9.4.14.v20181114\jetty-xml-9.4.14.v20181114.jar;C:\Users\Jouni\.m2\repository\org\eclipse\jetty\jetty-util\9.4.14.v20181114\jetty-util-9.4.14.v20181114.jar;C:\Users\Jouni\.m2\repository\org\eclipse\jetty\jetty-io\9.4.14.v20181114\jetty-io-9.4.14.v20181114.jar;C:\Users\Jouni\.m2\repository\org\eclipse\jetty\websocket\websocket-common\9.4.14.v20181114\websocket-common-9.4.14.v20181114.jar;C:\Users\Jouni\.m2\repository\org\eclipse\jetty\websocket\websocket-api\9.4.14.v20181114\websocket-api-9.4.14.v20181114.jar;C:\Users\Jouni\.m2\repository\fi\helsinki\cs\tmc\edu-test-utils\0.4.2\edu-test-utils-0.4.2.jar;"/>
    <property name="java.vm.vendor" value="Oracle Corporation"/>
    <property name="sun.arch.data.model" value="64"/>
    <property name="user.variant" value=""/>
    <property name="java.vendor.url" value="http://java.oracle.com/"/>
    <property name="user.timezone" value="Europe/Helsinki"/>
    <property name="java.vm.specification.version" value="1.8"/>
    <property name="os.name" value="Windows 10"/>
    <property name="sun.java.launcher" value="SUN_STANDARD"/>
    <property name="user.country" value="FI"/>
    <property name="sun.boot.library.path" value="C:\Program Files\Java\jdk1.8.0_211\jre\bin"/>
    <property name="sun.java.command" value="C:\Users\Jouni\AppData\Local\Temp\surefire3961384216753022841\surefirebooter4813753462066758248.jar C:\Users\Jouni\AppData\Local\Temp\surefire3961384216753022841 2019-11-25T23-27-15_790-jvmRun1 surefire5411911866351616696tmp surefire_02512513970725506657tmp"/>
    <property name="surefire.test.class.path" value="C:\Users\Jouni\Documents\NetBeansProjects\mooc-web-palvelinohjelmointi-s19\osa05-Osa05_07.OnlyForTheSelected\target\test-classes;C:\Users\Jouni\Documents\NetBeansProjects\mooc-web-palvelinohjelmointi-s19\osa05-Osa05_07.OnlyForTheSelected\target\classes;C:\Users\Jouni\.m2\repository\org\springframework\boot\spring-boot-starter-web\2.1.3.RELEASE\spring-boot-starter-web-2.1.3.RELEASE.jar;C:\Users\Jouni\.m2\repository\org\springframework\boot\spring-boot-starter\2.1.3.RELEASE\spring-boot-starter-2.1.3.RELEASE.jar;C:\Users\Jouni\.m2\repository\org\springframework\boot\spring-boot-starter-logging\2.1.3.RELEASE\spring-boot-starter-logging-2.1.3.RELEASE.jar;C:\Users\Jouni\.m2\repository\ch\qos\logback\logback-classic\1.2.3\logback-classic-1.2.3.jar;C:\Users\Jouni\.m2\repository\ch\qos\logback\logback-core\1.2.3\logback-core-1.2.3.jar;C:\Users\Jouni\.m2\repository\org\apache\logging\log4j\log4j-to-slf4j\2.11.2\log4j-to-slf4j-2.11.2.jar;C:\Users\Jouni\.m2\repository\org\apache\logging\log4j\log4j-api\2.11.2\log4j-api-2.11.2.jar;C:\Users\Jouni\.m2\repository\org\slf4j\jul-to-slf4j\1.7.25\jul-to-slf4j-1.7.25.jar;C:\Users\Jouni\.m2\repository\javax\annotation\javax.annotation-api\1.3.2\javax.annotation-api-1.3.2.jar;C:\Users\Jouni\.m2\repository\org\yaml\snakeyaml\1.23\snakeyaml-1.23.jar;C:\Users\Jouni\.m2\repository\org\springframework\boot\spring-boot-starter-json\2.1.3.RELEASE\spring-boot-starter-json-2.1.3.RELEASE.jar;C:\Users\Jouni\.m2\repository\com\fasterxml\jackson\core\jackson-databind\2.9.8\jackson-databind-2.9.8.jar;C:\Users\Jouni\.m2\repository\com\fasterxml\jackson\core\jackson-annotations\2.9.0\jackson-annotations-2.9.0.jar;C:\Users\Jouni\.m2\repository\com\fasterxml\jackson\core\jackson-core\2.9.8\jackson-core-2.9.8.jar;C:\Users\Jouni\.m2\repository\com\fasterxml\jackson\datatype\jackson-datatype-jdk8\2.9.8\jackson-datatype-jdk8-2.9.8.jar;C:\Users\Jouni\.m2\repository\com\fasterxml\jackson\datatype\jackson-datatype-jsr310\2.9.8\jackson-datatype-jsr310-2.9.8.jar;C:\Users\Jouni\.m2\repository\com\fasterxml\jackson\module\jackson-module-parameter-names\2.9.8\jackson-module-parameter-names-2.9.8.jar;C:\Users\Jouni\.m2\repository\org\springframework\boot\spring-boot-starter-tomcat\2.1.3.RELEASE\spring-boot-starter-tomcat-2.1.3.RELEASE.jar;C:\Users\Jouni\.m2\repository\org\apache\tomcat\embed\tomcat-embed-core\9.0.16\tomcat-embed-core-9.0.16.jar;C:\Users\Jouni\.m2\repository\org\apache\tomcat\embed\tomcat-embed-el\9.0.16\tomcat-embed-el-9.0.16.jar;C:\Users\Jouni\.m2\repository\org\apache\tomcat\embed\tomcat-embed-websocket\9.0.16\tomcat-embed-websocket-9.0.16.jar;C:\Users\Jouni\.m2\repository\org\hibernate\validator\hibernate-validator\6.0.14.Final\hibernate-validator-6.0.14.Final.jar;C:\Users\Jouni\.m2\repository\javax\validation\validation-api\2.0.1.Final\validation-api-2.0.1.Final.jar;C:\Users\Jouni\.m2\repository\org\jboss\logging\jboss-logging\3.3.2.Final\jboss-logging-3.3.2.Final.jar;C:\Users\Jouni\.m2\repository\com\fasterxml\classmate\1.4.0\classmate-1.4.0.jar;C:\Users\Jouni\.m2\repository\org\springframework\spring-web\5.1.5.RELEASE\spring-web-5.1.5.RELEASE.jar;C:\Users\Jouni\.m2\repository\org\springframework\spring-beans\5.1.5.RELEASE\spring-beans-5.1.5.RELEASE.jar;C:\Users\Jouni\.m2\repository\org\springframework\spring-webmvc\5.1.5.RELEASE\spring-webmvc-5.1.5.RELEASE.jar;C:\Users\Jouni\.m2\repository\org\springframework\spring-context\5.1.5.RELEASE\spring-context-5.1.5.RELEASE.jar;C:\Users\Jouni\.m2\repository\org\springframework\spring-expression\5.1.5.RELEASE\spring-expression-5.1.5.RELEASE.jar;C:\Users\Jouni\.m2\repository\org\springframework\boot\spring-boot-starter-thymeleaf\2.1.3.RELEASE\spring-boot-starter-thymeleaf-2.1.3.RELEASE.jar;C:\Users\Jouni\.m2\repository\org\thymeleaf\thymeleaf-spring5\3.0.11.RELEASE\thymeleaf-spring5-3.0.11.RELEASE.jar;C:\Users\Jouni\.m2\repository\org\thymeleaf\thymeleaf\3.0.11.RELEASE\thymeleaf-3.0.11.RELEASE.jar;C:\Users\Jouni\.m2\repository\org\attoparser\attoparser\2.0.5.RELEASE\attoparser-2.0.5.RELEASE.jar;C:\Users\Jouni\.m2\repository\org\unbescape\unbescape\1.1.6.RELEASE\unbescape-1.1.6.RELEASE.jar;C:\Users\Jouni\.m2\repository\org\thymeleaf\extras\thymeleaf-extras-java8time\3.0.3.RELEASE\thymeleaf-extras-java8time-3.0.3.RELEASE.jar;C:\Users\Jouni\.m2\repository\org\springframework\boot\spring-boot-starter-security\2.1.3.RELEASE\spring-boot-starter-security-2.1.3.RELEASE.jar;C:\Users\Jouni\.m2\repository\org\springframework\spring-aop\5.1.5.RELEASE\spring-aop-5.1.5.RELEASE.jar;C:\Users\Jouni\.m2\repository\org\springframework\security\spring-security-config\5.1.4.RELEASE\spring-security-config-5.1.4.RELEASE.jar;C:\Users\Jouni\.m2\repository\org\springframework\security\spring-security-core\5.1.4.RELEASE\spring-security-core-5.1.4.RELEASE.jar;C:\Users\Jouni\.m2\repository\org\springframework\security\spring-security-web\5.1.4.RELEASE\spring-security-web-5.1.4.RELEASE.jar;C:\Users\Jouni\.m2\repository\org\thymeleaf\extras\thymeleaf-extras-springsecurity5\3.0.4.RELEASE\thymeleaf-extras-springsecurity5-3.0.4.RELEASE.jar;C:\Users\Jouni\.m2\repository\org\slf4j\slf4j-api\1.7.25\slf4j-api-1.7.25.jar;C:\Users\Jouni\.m2\repository\org\springframework\boot\spring-boot-devtools\2.1.3.RELEASE\spring-boot-devtools-2.1.3.RELEASE.jar;C:\Users\Jouni\.m2\repository\org\springframework\boot\spring-boot\2.1.3.RELEASE\spring-boot-2.1.3.RELEASE.jar;C:\Users\Jouni\.m2\repository\org\springframework\boot\spring-boot-autoconfigure\2.1.3.RELEASE\spring-boot-autoconfigure-2.1.3.RELEASE.jar;C:\Users\Jouni\.m2\repository\org\springframework\boot\spring-boot-starter-test\2.1.3.RELEASE\spring-boot-starter-test-2.1.3.RELEASE.jar;C:\Users\Jouni\.m2\repository\org\springframework\boot\spring-boot-test\2.1.3.RELEASE\spring-boot-test-2.1.3.RELEASE.jar;C:\Users\Jouni\.m2\repository\org\springframework\boot\spring-boot-test-autoconfigure\2.1.3.RELEASE\spring-boot-test-autoconfigure-2.1.3.RELEASE.jar;C:\Users\Jouni\.m2\repository\com\jayway\jsonpath\json-path\2.4.0\json-path-2.4.0.jar;C:\Users\Jouni\.m2\repository\net\minidev\json-smart\2.3\json-smart-2.3.jar;C:\Users\Jouni\.m2\repository\net\minidev\accessors-smart\1.2\accessors-smart-1.2.jar;C:\Users\Jouni\.m2\repository\org\ow2\asm\asm\5.0.4\asm-5.0.4.jar;C:\Users\Jouni\.m2\repository\junit\junit\4.12\junit-4.12.jar;C:\Users\Jouni\.m2\repository\org\assertj\assertj-core\3.11.1\assertj-core-3.11.1.jar;C:\Users\Jouni\.m2\repository\org\mockito\mockito-core\2.23.4\mockito-core-2.23.4.jar;C:\Users\Jouni\.m2\repository\net\bytebuddy\byte-buddy\1.9.10\byte-buddy-1.9.10.jar;C:\Users\Jouni\.m2\repository\net\bytebuddy\byte-buddy-agent\1.9.10\byte-buddy-agent-1.9.10.jar;C:\Users\Jouni\.m2\repository\org\objenesis\objenesis\2.6\objenesis-2.6.jar;C:\Users\Jouni\.m2\repository\org\hamcrest\hamcrest-core\1.3\hamcrest-core-1.3.jar;C:\Users\Jouni\.m2\repository\org\hamcrest\hamcrest-library\1.3\hamcrest-library-1.3.jar;C:\Users\Jouni\.m2\repository\org\skyscreamer\jsonassert\1.5.0\jsonassert-1.5.0.jar;C:\Users\Jouni\.m2\repository\com\vaadin\external\google\android-json\0.0.20131108.vaadin1\android-json-0.0.20131108.vaadin1.jar;C:\Users\Jouni\.m2\repository\org\springframework\spring-core\5.1.5.RELEASE\spring-core-5.1.5.RELEASE.jar;C:\Users\Jouni\.m2\repository\org\springframework\spring-jcl\5.1.5.RELEASE\spring-jcl-5.1.5.RELEASE.jar;C:\Users\Jouni\.m2\repository\org\springframework\spring-test\5.1.5.RELEASE\spring-test-5.1.5.RELEASE.jar;C:\Users\Jouni\.m2\repository\org\xmlunit\xmlunit-core\2.6.2\xmlunit-core-2.6.2.jar;C:\Users\Jouni\.m2\repository\org\projectlombok\lombok\1.18.6\lombok-1.18.6.jar;C:\Users\Jouni\.m2\repository\org\springframework\boot\spring-boot-starter-data-jpa\2.1.3.RELEASE\spring-boot-starter-data-jpa-2.1.3.RELEASE.jar;C:\Users\Jouni\.m2\repository\org\springframework\boot\spring-boot-starter-aop\2.1.3.RELEASE\spring-boot-starter-aop-2.1.3.RELEASE.jar;C:\Users\Jouni\.m2\repository\org\aspectj\aspectjweaver\1.9.2\aspectjweaver-1.9.2.jar;C:\Users\Jouni\.m2\repository\org\springframework\boot\spring-boot-starter-jdbc\2.1.3.RELEASE\spring-boot-starter-jdbc-2.1.3.RELEASE.jar;C:\Users\Jouni\.m2\repository\com\zaxxer\HikariCP\3.2.0\HikariCP-3.2.0.jar;C:\Users\Jouni\.m2\repository\org\springframework\spring-jdbc\5.1.5.RELEASE\spring-jdbc-5.1.5.RELEASE.jar;C:\Users\Jouni\.m2\repository\javax\transaction\javax.transaction-api\1.3\javax.transaction-api-1.3.jar;C:\Users\Jouni\.m2\repository\javax\xml\bind\jaxb-api\2.3.1\jaxb-api-2.3.1.jar;C:\Users\Jouni\.m2\repository\javax\activation\javax.activation-api\1.2.0\javax.activation-api-1.2.0.jar;C:\Users\Jouni\.m2\repository\org\hibernate\hibernate-core\5.3.7.Final\hibernate-core-5.3.7.Final.jar;C:\Users\Jouni\.m2\repository\javax\persistence\javax.persistence-api\2.2\javax.persistence-api-2.2.jar;C:\Users\Jouni\.m2\repository\org\javassist\javassist\3.23.1-GA\javassist-3.23.1-GA.jar;C:\Users\Jouni\.m2\repository\antlr\antlr\2.7.7\antlr-2.7.7.jar;C:\Users\Jouni\.m2\repository\org\jboss\jandex\2.0.5.Final\jandex-2.0.5.Final.jar;C:\Users\Jouni\.m2\repository\org\dom4j\dom4j\2.1.1\dom4j-2.1.1.jar;C:\Users\Jouni\.m2\repository\org\hibernate\common\hibernate-commons-annotations\5.0.4.Final\hibernate-commons-annotations-5.0.4.Final.jar;C:\Users\Jouni\.m2\repository\org\springframework\data\spring-data-jpa\2.1.5.RELEASE\spring-data-jpa-2.1.5.RELEASE.jar;C:\Users\Jouni\.m2\repository\org\springframework\data\spring-data-commons\2.1.5.RELEASE\spring-data-commons-2.1.5.RELEASE.jar;C:\Users\Jouni\.m2\repository\org\springframework\spring-orm\5.1.5.RELEASE\spring-orm-5.1.5.RELEASE.jar;C:\Users\Jouni\.m2\repository\org\springframework\spring-tx\5.1.5.RELEASE\spring-tx-5.1.5.RELEASE.jar;C:\Users\Jouni\.m2\repository\org\springframework\spring-aspects\5.1.5.RELEASE\spring-aspects-5.1.5.RELEASE.jar;C:\Users\Jouni\.m2\repository\com\h2database\h2\1.4.197\h2-1.4.197.jar;C:\Users\Jouni\.m2\repository\org\fluentlenium\fluentlenium-junit\3.7.1\fluentlenium-junit-3.7.1.jar;C:\Users\Jouni\.m2\repository\org\fluentlenium\fluentlenium-core\3.7.1\fluentlenium-core-3.7.1.jar;C:\Users\Jouni\.m2\repository\org\seleniumhq\selenium\selenium-remote-driver\3.14.0\selenium-remote-driver-3.14.0.jar;C:\Users\Jouni\.m2\repository\org\atteo\classindex\classindex\3.4\classindex-3.4.jar;C:\Users\Jouni\.m2\repository\commons-io\commons-io\2.6\commons-io-2.6.jar;C:\Users\Jouni\.m2\repository\org\apache\commons\commons-lang3\3.8.1\commons-lang3-3.8.1.jar;C:\Users\Jouni\.m2\repository\org\apache\httpcomponents\httpclient\4.5.7\httpclient-4.5.7.jar;C:\Users\Jouni\.m2\repository\org\fluentlenium\fluentlenium-assertj\3.7.1\fluentlenium-assertj-3.7.1.jar;C:\Users\Jouni\.m2\repository\org\seleniumhq\selenium\selenium-api\3.14.0\selenium-api-3.14.0.jar;C:\Users\Jouni\.m2\repository\org\seleniumhq\selenium\htmlunit-driver\2.33.0\htmlunit-driver-2.33.0.jar;C:\Users\Jouni\.m2\repository\org\seleniumhq\selenium\selenium-support\3.14.0\selenium-support-3.14.0.jar;C:\Users\Jouni\.m2\repository\org\apache\commons\commons-exec\1.3\commons-exec-1.3.jar;C:\Users\Jouni\.m2\repository\commons-codec\commons-codec\1.11\commons-codec-1.11.jar;C:\Users\Jouni\.m2\repository\com\google\guava\guava\25.0-jre\guava-25.0-jre.jar;C:\Users\Jouni\.m2\repository\com\google\code\findbugs\jsr305\1.3.9\jsr305-1.3.9.jar;C:\Users\Jouni\.m2\repository\org\checkerframework\checker-compat-qual\2.0.0\checker-compat-qual-2.0.0.jar;C:\Users\Jouni\.m2\repository\com\google\errorprone\error_prone_annotations\2.1.3\error_prone_annotations-2.1.3.jar;C:\Users\Jouni\.m2\repository\com\google\j2objc\j2objc-annotations\1.1\j2objc-annotations-1.1.jar;C:\Users\Jouni\.m2\repository\org\codehaus\mojo\animal-sniffer-annotations\1.14\animal-sniffer-annotations-1.14.jar;C:\Users\Jouni\.m2\repository\org\apache\httpcomponents\httpcore\4.4.11\httpcore-4.4.11.jar;C:\Users\Jouni\.m2\repository\com\squareup\okhttp3\okhttp\3.10.0\okhttp-3.10.0.jar;C:\Users\Jouni\.m2\repository\com\squareup\okio\okio\1.14.1\okio-1.14.1.jar;C:\Users\Jouni\.m2\repository\net\sourceforge\htmlunit\htmlunit\2.33\htmlunit-2.33.jar;C:\Users\Jouni\.m2\repository\xalan\xalan\2.7.2\xalan-2.7.2.jar;C:\Users\Jouni\.m2\repository\xalan\serializer\2.7.2\serializer-2.7.2.jar;C:\Users\Jouni\.m2\repository\org\apache\commons\commons-text\1.4\commons-text-1.4.jar;C:\Users\Jouni\.m2\repository\org\apache\httpcomponents\httpmime\4.5.7\httpmime-4.5.7.jar;C:\Users\Jouni\.m2\repository\net\sourceforge\htmlunit\htmlunit-core-js\2.33\htmlunit-core-js-2.33.jar;C:\Users\Jouni\.m2\repository\net\sourceforge\htmlunit\neko-htmlunit\2.33\neko-htmlunit-2.33.jar;C:\Users\Jouni\.m2\repository\xerces\xercesImpl\2.12.0\xercesImpl-2.12.0.jar;C:\Users\Jouni\.m2\repository\xml-apis\xml-apis\1.4.01\xml-apis-1.4.01.jar;C:\Users\Jouni\.m2\repository\net\sourceforge\htmlunit\htmlunit-cssparser\1.2.0\htmlunit-cssparser-1.2.0.jar;C:\Users\Jouni\.m2\repository\commons-net\commons-net\3.6\commons-net-3.6.jar;C:\Users\Jouni\.m2\repository\org\eclipse\jetty\websocket\websocket-client\9.4.14.v20181114\websocket-client-9.4.14.v20181114.jar;C:\Users\Jouni\.m2\repository\org\eclipse\jetty\jetty-client\9.4.14.v20181114\jetty-client-9.4.14.v20181114.jar;C:\Users\Jouni\.m2\repository\org\eclipse\jetty\jetty-http\9.4.14.v20181114\jetty-http-9.4.14.v20181114.jar;C:\Users\Jouni\.m2\repository\org\eclipse\jetty\jetty-xml\9.4.14.v20181114\jetty-xml-9.4.14.v20181114.jar;C:\Users\Jouni\.m2\repository\org\eclipse\jetty\jetty-util\9.4.14.v20181114\jetty-util-9.4.14.v20181114.jar;C:\Users\Jouni\.m2\repository\org\eclipse\jetty\jetty-io\9.4.14.v20181114\jetty-io-9.4.14.v20181114.jar;C:\Users\Jouni\.m2\repository\org\eclipse\jetty\websocket\websocket-common\9.4.14.v20181114\websocket-common-9.4.14.v20181114.jar;C:\Users\Jouni\.m2\repository\org\eclipse\jetty\websocket\websocket-api\9.4.14.v20181114\websocket-api-9.4.14.v20181114.jar;C:\Users\Jouni\.m2\repository\fi\helsinki\cs\tmc\edu-test-utils\0.4.2\edu-test-utils-0.4.2.jar;"/>
    <property name="sun.cpu.endian" value="little"/>
    <property name="user.home" value="C:\Users\Jouni"/>
    <property name="user.language" value="fi"/>
    <property name="java.specification.vendor" value="Oracle Corporation"/>
    <property name="java.home" value="C:\Program Files\Java\jdk1.8.0_211\jre"/>
    <property name="basedir" value="C:\Users\Jouni\Documents\NetBeansProjects\mooc-web-palvelinohjelmointi-s19\osa05-Osa05_07.OnlyForTheSelected"/>
    <property name="file.separator" value="\"/>
    <property name="line.separator" value="&#10;"/>
    <property name="java.vm.specification.vendor" value="Oracle Corporation"/>
    <property name="java.specification.name" value="Java Platform API Specification"/>
    <property name="java.awt.graphicsenv" value="sun.awt.Win32GraphicsEnvironment"/>
    <property name="surefire.real.class.path" value="C:\Users\Jouni\AppData\Local\Temp\surefire3961384216753022841\surefirebooter4813753462066758248.jar"/>
    <property name="sun.boot.class.path" value="C:\Program Files\Java\jdk1.8.0_211\jre\lib\resources.jar;C:\Program Files\Java\jdk1.8.0_211\jre\lib\rt.jar;C:\Program Files\Java\jdk1.8.0_211\jre\lib\sunrsasign.jar;C:\Program Files\Java\jdk1.8.0_211\jre\lib\jsse.jar;C:\Program Files\Java\jdk1.8.0_211\jre\lib\jce.jar;C:\Program Files\Java\jdk1.8.0_211\jre\lib\charsets.jar;C:\Program Files\Java\jdk1.8.0_211\jre\lib\jfr.jar;C:\Program Files\Java\jdk1.8.0_211\jre\classes"/>
    <property name="user.script" value=""/>
    <property name="sun.management.compiler" value="HotSpot 64-Bit Tiered Compilers"/>
    <property name="java.runtime.version" value="1.8.0_211-b12"/>
    <property name="user.name" value="Jouni"/>
    <property name="path.separator" value=";"/>
    <property name="os.version" value="10.0"/>
    <property name="java.endorsed.dirs" value="C:\Program Files\Java\jdk1.8.0_211\jre\lib\endorsed"/>
    <property name="java.runtime.name" value="Java(TM) SE Runtime Environment"/>
    <property name="file.encoding" value="UTF-8"/>
    <property name="java.vm.name" value="Java HotSpot(TM) 64-Bit Server VM"/>
    <property name="maven.ext.class.path" value="C:\Program Files\NetBeans 8.2\java\maven-nblib\netbeans-eventspy.jar"/>
    <property name="localRepository" value="C:\Users\Jouni\.m2\repository"/>
    <property name="java.vendor.url.bug" value="http://bugreport.sun.com/bugreport/"/>
    <property name="java.io.tmpdir" value="C:\Users\Jouni\AppData\Local\Temp\"/>
    <property name="java.version" value="1.8.0_211"/>
    <property name="user.dir" value="C:\Users\Jouni\Documents\NetBeansProjects\mooc-web-palvelinohjelmointi-s19\osa05-Osa05_07.OnlyForTheSelected"/>
    <property name="os.arch" value="amd64"/>
    <property name="java.vm.specification.name" value="Java Virtual Machine Specification"/>
    <property name="java.awt.printerjob" value="sun.awt.windows.WPrinterJob"/>
    <property name="sun.os.patch.level" value=""/>
    <property name="java.library.path" value="C:\Program Files\Java\jdk1.8.0_211\jre\bin;C:\WINDOWS\Sun\Java\bin;C:\WINDOWS\system32;C:\WINDOWS;C:\ProgramData\DockerDesktop\version-bin;C:\Program Files\Docker\Docker\Resources\bin;C:\Program Files (x86)\Common Files\Oracle\Java\javapath;C:\Program Files (x86)\Intel\Intel(R) Management Engine Components\iCLS\;C:\Program Files\Intel\Intel(R) Management Engine Components\iCLS\;C:\Windows\system32;C:\Windows;C:\Windows\System32\Wbem;C:\Windows\System32\WindowsPowerShell\v1.0\;C:\Windows\System32\OpenSSH\;C:\Program Files (x86)\Intel\Intel(R) Management Engine Components\DAL;C:\Program Files\Intel\Intel(R) Management Engine Components\DAL;C:\Program Files (x86)\Intel\Intel(R) Management Engine Components\IPT;C:\Program Files\Intel\Intel(R) Management Engine Components\IPT;C:\Program Files\Intel\WiFi\bin\;C:\Program Files\Common Files\Intel\WirelessCommon\;C:\Program Files\dotnet\;C:\Program Files\Microsoft SQL Server\130\Tools\Binn\;C:\Program Files\Microsoft SQL Server\Client SDK\ODBC\170\Tools\Binn\;C:\Program Files\Java\java-1.8.0-openjdk-1.8.0.201-2.b09.redhat.windows.x86_64\bin;C:\Program Files\Git\cmd;C:\Program Files\Java\jre1.8.0_211\bin;;C:\WINDOWS\system32;C:\WINDOWS;C:\WINDOWS\System32\Wbem;C:\WINDOWS\System32\WindowsPowerShell\v1.0\;C:\WINDOWS\System32\OpenSSH\;C:\Program Files\nodejs\;C:\Program Files\NVIDIA Corporation\NVIDIA NvDLISR;C:\Program Files (x86)\NVIDIA Corporation\PhysX\Common;C:\Users\Jouni\AppData\Local\Microsoft\WindowsApps;C:\Users\Jouni\AppData\Local\Programs\Microsoft VS Code\bin;C:\Users\Jouni\AppData\Roaming\npm;C:\Program Files\JetBrains\IntelliJ IDEA Community Edition 2019.2.2\bin;;C:\Users\Jouni\AppData\Local\GitHubDesktop\bin;C:\Program Files\Heroku\bin;."/>
    <property name="java.vm.info" value="mixed mode"/>
    <property name="java.vendor" value="Oracle Corporation"/>
    <property name="java.vm.version" value="25.211-b12"/>
    <property name="java.ext.dirs" value="C:\Program Files\Java\jdk1.8.0_211\jre\lib\ext;C:\WINDOWS\Sun\Java\lib\ext"/>
    <property name="sun.io.unicode.encoding" value="UnicodeLittle"/>
    <property name="java.class.version" value="52.0"/>
  </properties>
  <testcase name="anyoneCanSeeHappypath" classname="onlyfortheselected.OnlyForTheSelectedApplicationTest" time="2.249">
    <failure message="&#10;Expecting:&#10; &lt;&quot;&lt;?xml version=&quot;1.0&quot; encoding=&quot;UTF-8&quot;?&gt;&#10;&lt;html lang=&quot;en&quot;&gt;&#10;  &lt;head&gt;&#10;    &lt;meta charset=&quot;utf-8&quot;/&gt;&#10;    &lt;meta name=&quot;viewport&quot; content=&quot;width=device-width, initial-scale=1, shrink-to-fit=no&quot;/&gt;&#10;    &lt;meta name=&quot;description&quot; content=&quot;&quot;/&gt;&#10;    &lt;meta name=&quot;author&quot; content=&quot;&quot;/&gt;&#10;    &lt;title&gt;&#10;      Please sign in&#10;    &lt;/title&gt;&#10;    &lt;link href=&quot;https://maxcdn.bootstrapcdn.com/bootstrap/4.0.0-beta/css/bootstrap.min.css&quot; rel=&quot;stylesheet&quot; integrity=&quot;sha384-/Y6pD6FV/Vv2HJnA6t+vslU6fwYXjCFtcEpHbNJ0lyAFsXTsjBbfaDjzALeQsN6M&quot; crossorigin=&quot;anonymous&quot;/&gt;&#10;    &lt;link href=&quot;https://getbootstrap.com/docs/4.0/examples/signin/signin.css&quot; rel=&quot;stylesheet&quot; crossorigin=&quot;anonymous&quot;/&gt;&#10;  &lt;/head&gt;&#10;  &lt;body&gt;&#10;    &lt;div class=&quot;container&quot;&gt;&#10;      &lt;form class=&quot;form-signin&quot; method=&quot;post&quot; action=&quot;/login&quot;&gt;&#10;        &lt;h2 class=&quot;form-signin-heading&quot;&gt;&#10;          Please sign in&#10;        &lt;/h2&gt;&#10;        &lt;p&gt;&#10;          &lt;label for=&quot;username&quot; class=&quot;sr-only&quot;&gt;&#10;            Username&#10;          &lt;/label&gt;&#10;          &lt;input type=&quot;text&quot; id=&quot;username&quot; name=&quot;username&quot; class=&quot;form-control&quot; placeholder=&quot;Username&quot; required=&quot;&quot; autofocus=&quot;&quot;/&gt;&#10;        &lt;/p&gt;&#10;        &lt;p&gt;&#10;          &lt;label for=&quot;password&quot; class=&quot;sr-only&quot;&gt;&#10;            Password&#10;          &lt;/label&gt;&#10;          &lt;input type=&quot;password&quot; id=&quot;password&quot; name=&quot;password&quot; class=&quot;form-control&quot; placeholder=&quot;Password&quot; required=&quot;&quot;/&gt;&#10;        &lt;/p&gt;&#10;        &lt;input name=&quot;_csrf&quot; type=&quot;hidden&quot; value=&quot;5cac0ba3-f86b-4104-b79b-77ef9ca20934&quot;/&gt;&#10;        &lt;button class=&quot;btn btn-lg btn-primary btn-block&quot; type=&quot;submit&quot;&gt;&#10;          Sign in&#10;        &lt;/button&gt;&#10;      &lt;/form&gt;&#10;    &lt;/div&gt;&#10;  &lt;/body&gt;&#10;&lt;/html&gt;&#10;&quot;&gt;&#10;to contain:&#10; &lt;&quot;Happy!&quot;&gt; " type="java.lang.AssertionError"><![CDATA[java.lang.AssertionError: 

Expecting:
 <"<?xml version="1.0" encoding="UTF-8"?>
<html lang="en">
  <head>
    <meta charset="utf-8"/>
    <meta name="viewport" content="width=device-width, initial-scale=1, shrink-to-fit=no"/>
    <meta name="description" content=""/>
    <meta name="author" content=""/>
    <title>
      Please sign in
    </title>
    <link href="https://maxcdn.bootstrapcdn.com/bootstrap/4.0.0-beta/css/bootstrap.min.css" rel="stylesheet" integrity="sha384-/Y6pD6FV/Vv2HJnA6t+vslU6fwYXjCFtcEpHbNJ0lyAFsXTsjBbfaDjzALeQsN6M" crossorigin="anonymous"/>
    <link href="https://getbootstrap.com/docs/4.0/examples/signin/signin.css" rel="stylesheet" crossorigin="anonymous"/>
  </head>
  <body>
    <div class="container">
      <form class="form-signin" method="post" action="/login">
        <h2 class="form-signin-heading">
          Please sign in
        </h2>
        <p>
          <label for="username" class="sr-only">
            Username
          </label>
          <input type="text" id="username" name="username" class="form-control" placeholder="Username" required="" autofocus=""/>
        </p>
        <p>
          <label for="password" class="sr-only">
            Password
          </label>
          <input type="password" id="password" name="password" class="form-control" placeholder="Password" required=""/>
        </p>
        <input name="_csrf" type="hidden" value="5cac0ba3-f86b-4104-b79b-77ef9ca20934"/>
        <button class="btn btn-lg btn-primary btn-block" type="submit">
          Sign in
        </button>
      </form>
    </div>
  </body>
</html>
">
to contain:
 <"Happy!"> 
	at onlyfortheselected.OnlyForTheSelectedApplicationTest.anyoneCanSeeHappypath(OnlyForTheSelectedApplicationTest.java:65)
]]></failure>
    <system-out><![CDATA[23:27:17.239 [main] DEBUG org.springframework.test.context.junit4.SpringJUnit4ClassRunner - SpringJUnit4ClassRunner constructor called with [class onlyfortheselected.OnlyForTheSelectedApplicationTest]
23:27:17.245 [main] DEBUG org.springframework.test.context.BootstrapUtils - Instantiating CacheAwareContextLoaderDelegate from class [org.springframework.test.context.cache.DefaultCacheAwareContextLoaderDelegate]
23:27:17.252 [main] DEBUG org.springframework.test.context.BootstrapUtils - Instantiating BootstrapContext using constructor [public org.springframework.test.context.support.DefaultBootstrapContext(java.lang.Class,org.springframework.test.context.CacheAwareContextLoaderDelegate)]
23:27:17.267 [main] DEBUG org.springframework.test.context.BootstrapUtils - Instantiating TestContextBootstrapper for test class [onlyfortheselected.OnlyForTheSelectedApplicationTest] from class [org.springframework.boot.test.context.SpringBootTestContextBootstrapper]
23:27:17.278 [main] INFO org.springframework.boot.test.context.SpringBootTestContextBootstrapper - Neither @ContextConfiguration nor @ContextHierarchy found for test class [onlyfortheselected.OnlyForTheSelectedApplicationTest], using SpringBootContextLoader
23:27:17.281 [main] DEBUG org.springframework.test.context.support.AbstractContextLoader - Did not detect default resource location for test class [onlyfortheselected.OnlyForTheSelectedApplicationTest]: class path resource [onlyfortheselected/OnlyForTheSelectedApplicationTest-context.xml] does not exist
23:27:17.282 [main] DEBUG org.springframework.test.context.support.AbstractContextLoader - Did not detect default resource location for test class [onlyfortheselected.OnlyForTheSelectedApplicationTest]: class path resource [onlyfortheselected/OnlyForTheSelectedApplicationTestContext.groovy] does not exist
23:27:17.282 [main] INFO org.springframework.test.context.support.AbstractContextLoader - Could not detect default resource locations for test class [onlyfortheselected.OnlyForTheSelectedApplicationTest]: no resource found for suffixes {-context.xml, Context.groovy}.
23:27:17.282 [main] INFO org.springframework.test.context.support.AnnotationConfigContextLoaderUtils - Could not detect default configuration classes for test class [onlyfortheselected.OnlyForTheSelectedApplicationTest]: OnlyForTheSelectedApplicationTest does not declare any static, non-private, non-final, nested classes annotated with @Configuration.
23:27:17.398 [main] DEBUG org.springframework.context.annotation.ClassPathScanningCandidateComponentProvider - Identified candidate component class: file [C:\Users\Jouni\Documents\NetBeansProjects\mooc-web-palvelinohjelmointi-s19\osa05-Osa05_07.OnlyForTheSelected\target\classes\onlyfortheselected\OnlyForTheSelectedApplication.class]
23:27:17.407 [main] INFO org.springframework.boot.test.context.SpringBootTestContextBootstrapper - Found @SpringBootConfiguration onlyfortheselected.OnlyForTheSelectedApplication for test class onlyfortheselected.OnlyForTheSelectedApplicationTest
23:27:17.487 [main] DEBUG org.springframework.boot.test.context.SpringBootTestContextBootstrapper - @TestExecutionListeners is not present for class [onlyfortheselected.OnlyForTheSelectedApplicationTest]: using defaults.
23:27:17.487 [main] INFO org.springframework.boot.test.context.SpringBootTestContextBootstrapper - Loaded default TestExecutionListener class names from location [META-INF/spring.factories]: [org.springframework.boot.test.mock.mockito.MockitoTestExecutionListener, org.springframework.boot.test.mock.mockito.ResetMocksTestExecutionListener, org.springframework.boot.test.autoconfigure.restdocs.RestDocsTestExecutionListener, org.springframework.boot.test.autoconfigure.web.client.MockRestServiceServerResetTestExecutionListener, org.springframework.boot.test.autoconfigure.web.servlet.MockMvcPrintOnlyOnFailureTestExecutionListener, org.springframework.boot.test.autoconfigure.web.servlet.WebDriverTestExecutionListener, org.springframework.test.context.web.ServletTestExecutionListener, org.springframework.test.context.support.DirtiesContextBeforeModesTestExecutionListener, org.springframework.test.context.support.DependencyInjectionTestExecutionListener, org.springframework.test.context.support.DirtiesContextTestExecutionListener, org.springframework.test.context.transaction.TransactionalTestExecutionListener, org.springframework.test.context.jdbc.SqlScriptsTestExecutionListener]
23:27:17.509 [main] INFO org.springframework.boot.test.context.SpringBootTestContextBootstrapper - Using TestExecutionListeners: [org.springframework.test.context.web.ServletTestExecutionListener@671a5887, org.springframework.test.context.support.DirtiesContextBeforeModesTestExecutionListener@5552768b, org.springframework.boot.test.mock.mockito.MockitoTestExecutionListener@3c947bc5, org.springframework.boot.test.autoconfigure.SpringBootDependencyInjectionTestExecutionListener@609db43b, org.springframework.test.context.support.DirtiesContextTestExecutionListener@55f616cf, org.springframework.test.context.transaction.TransactionalTestExecutionListener@1356d4d4, org.springframework.test.context.jdbc.SqlScriptsTestExecutionListener@c03cf28, org.springframework.boot.test.mock.mockito.ResetMocksTestExecutionListener@1329eff, org.springframework.boot.test.autoconfigure.restdocs.RestDocsTestExecutionListener@6497b078, org.springframework.boot.test.autoconfigure.web.client.MockRestServiceServerResetTestExecutionListener@41c2284a, org.springframework.boot.test.autoconfigure.web.servlet.MockMvcPrintOnlyOnFailureTestExecutionListener@53aad5d5, org.springframework.boot.test.autoconfigure.web.servlet.WebDriverTestExecutionListener@46fa7c39]
23:27:17.510 [main] DEBUG org.springframework.test.annotation.ProfileValueUtils - Retrieved @ProfileValueSourceConfiguration [null] for test class [onlyfortheselected.OnlyForTheSelectedApplicationTest]
23:27:17.510 [main] DEBUG org.springframework.test.annotation.ProfileValueUtils - Retrieved ProfileValueSource type [class org.springframework.test.annotation.SystemProfileValueSource] for class [onlyfortheselected.OnlyForTheSelectedApplicationTest]
23:27:17.512 [main] DEBUG org.springframework.test.annotation.ProfileValueUtils - Retrieved @ProfileValueSourceConfiguration [null] for test class [onlyfortheselected.OnlyForTheSelectedApplicationTest]
23:27:17.512 [main] DEBUG org.springframework.test.annotation.ProfileValueUtils - Retrieved ProfileValueSource type [class org.springframework.test.annotation.SystemProfileValueSource] for class [onlyfortheselected.OnlyForTheSelectedApplicationTest]
23:27:17.512 [main] DEBUG org.springframework.test.annotation.ProfileValueUtils - Retrieved @ProfileValueSourceConfiguration [null] for test class [onlyfortheselected.OnlyForTheSelectedApplicationTest]
23:27:17.512 [main] DEBUG org.springframework.test.annotation.ProfileValueUtils - Retrieved ProfileValueSource type [class org.springframework.test.annotation.SystemProfileValueSource] for class [onlyfortheselected.OnlyForTheSelectedApplicationTest]
23:27:17.513 [main] DEBUG org.springframework.test.annotation.ProfileValueUtils - Retrieved @ProfileValueSourceConfiguration [null] for test class [onlyfortheselected.OnlyForTheSelectedApplicationTest]
23:27:17.513 [main] DEBUG org.springframework.test.annotation.ProfileValueUtils - Retrieved ProfileValueSource type [class org.springframework.test.annotation.SystemProfileValueSource] for class [onlyfortheselected.OnlyForTheSelectedApplicationTest]
23:27:17.516 [main] DEBUG org.springframework.test.context.support.AbstractDirtiesContextTestExecutionListener - Before test class: context [DefaultTestContext@5fa07e12 testClass = OnlyForTheSelectedApplicationTest, testInstance = [null], testMethod = [null], testException = [null], mergedContextConfiguration = [WebMergedContextConfiguration@55b53d44 testClass = OnlyForTheSelectedApplicationTest, locations = '{}', classes = '{class onlyfortheselected.OnlyForTheSelectedApplication}', contextInitializerClasses = '[]', activeProfiles = '{test}', propertySourceLocations = '{}', propertySourceProperties = '{org.springframework.boot.test.context.SpringBootTestContextBootstrapper=true, server.port=0}', contextCustomizers = set[org.springframework.boot.test.context.filter.ExcludeFilterContextCustomizer@351d0846, org.springframework.boot.test.json.DuplicateJsonObjectContextCustomizerFactory$DuplicateJsonObjectContextCustomizer@7fe8ea47, org.springframework.boot.test.mock.mockito.MockitoContextCustomizer@0, org.springframework.boot.test.web.client.TestRestTemplateContextCustomizer@7f77e91b, org.springframework.boot.test.autoconfigure.properties.PropertyMappingContextCustomizer@0, org.springframework.boot.test.autoconfigure.web.servlet.WebDriverContextCustomizerFactory$Customizer@3bbc39f8], resourceBasePath = 'src/main/webapp', contextLoader = 'org.springframework.boot.test.context.SpringBootContextLoader', parent = [null]], attributes = map['org.springframework.test.context.web.ServletTestExecutionListener.activateListener' -> false]], class annotated with @DirtiesContext [false] with mode [null].
23:27:17.517 [main] DEBUG org.springframework.test.annotation.ProfileValueUtils - Retrieved @ProfileValueSourceConfiguration [null] for test class [onlyfortheselected.OnlyForTheSelectedApplicationTest]
23:27:17.517 [main] DEBUG org.springframework.test.annotation.ProfileValueUtils - Retrieved ProfileValueSource type [class org.springframework.test.annotation.SystemProfileValueSource] for class [onlyfortheselected.OnlyForTheSelectedApplicationTest]
23:27:17.574 [main] DEBUG org.springframework.test.context.support.DependencyInjectionTestExecutionListener - Performing dependency injection for test context [[DefaultTestContext@5fa07e12 testClass = OnlyForTheSelectedApplicationTest, testInstance = onlyfortheselected.OnlyForTheSelectedApplicationTest@72cc7e6f, testMethod = [null], testException = [null], mergedContextConfiguration = [WebMergedContextConfiguration@55b53d44 testClass = OnlyForTheSelectedApplicationTest, locations = '{}', classes = '{class onlyfortheselected.OnlyForTheSelectedApplication}', contextInitializerClasses = '[]', activeProfiles = '{test}', propertySourceLocations = '{}', propertySourceProperties = '{org.springframework.boot.test.context.SpringBootTestContextBootstrapper=true, server.port=0}', contextCustomizers = set[org.springframework.boot.test.context.filter.ExcludeFilterContextCustomizer@351d0846, org.springframework.boot.test.json.DuplicateJsonObjectContextCustomizerFactory$DuplicateJsonObjectContextCustomizer@7fe8ea47, org.springframework.boot.test.mock.mockito.MockitoContextCustomizer@0, org.springframework.boot.test.web.client.TestRestTemplateContextCustomizer@7f77e91b, org.springframework.boot.test.autoconfigure.properties.PropertyMappingContextCustomizer@0, org.springframework.boot.test.autoconfigure.web.servlet.WebDriverContextCustomizerFactory$Customizer@3bbc39f8], resourceBasePath = 'src/main/webapp', contextLoader = 'org.springframework.boot.test.context.SpringBootContextLoader', parent = [null]], attributes = map['org.springframework.test.context.web.ServletTestExecutionListener.activateListener' -> false]]].
23:27:17.599 [main] DEBUG org.springframework.test.context.support.TestPropertySourceUtils - Adding inlined properties to environment: {spring.jmx.enabled=false, org.springframework.boot.test.context.SpringBootTestContextBootstrapper=true, server.port=0}

  .   ____          _            __ _ _
 /\\ / ___'_ __ _ _(_)_ __  __ _ \ \ \ \
( ( )\___ | '_ | '_| | '_ \/ _` | \ \ \ \
 \\/  ___)| |_)| | | | | || (_| |  ) ) ) )
  '  |____| .__|_| |_|_| |_\__, | / / / /
 =========|_|==============|___/=/_/_/_/
 :: Spring Boot ::        (v2.1.3.RELEASE)

2019-11-25 23:27:17.868  INFO 12900 --- [           main] o.OnlyForTheSelectedApplicationTest      : Starting OnlyForTheSelectedApplicationTest on LAPTOP-EKG5AA9M with PID 12900 (started by Jouni in C:\Users\Jouni\Documents\NetBeansProjects\mooc-web-palvelinohjelmointi-s19\osa05-Osa05_07.OnlyForTheSelected)
2019-11-25 23:27:17.869  INFO 12900 --- [           main] o.OnlyForTheSelectedApplicationTest      : The following profiles are active: test
2019-11-25 23:27:18.579  INFO 12900 --- [           main] .s.d.r.c.RepositoryConfigurationDelegate : Bootstrapping Spring Data repositories in DEFAULT mode.
2019-11-25 23:27:18.662  INFO 12900 --- [           main] .s.d.r.c.RepositoryConfigurationDelegate : Finished Spring Data repository scanning in 73ms. Found 1 repository interfaces.
2019-11-25 23:27:19.073  INFO 12900 --- [           main] trationDelegate$BeanPostProcessorChecker : Bean 'org.springframework.transaction.annotation.ProxyTransactionManagementConfiguration' of type [org.springframework.transaction.annotation.ProxyTransactionManagementConfiguration$$EnhancerBySpringCGLIB$$8c0bed9a] is not eligible for getting processed by all BeanPostProcessors (for example: not eligible for auto-proxying)
2019-11-25 23:27:19.820  INFO 12900 --- [           main] o.s.b.w.embedded.tomcat.TomcatWebServer  : Tomcat initialized with port(s): 0 (http)
2019-11-25 23:27:19.842  INFO 12900 --- [           main] o.apache.catalina.core.StandardService   : Starting service [Tomcat]
2019-11-25 23:27:19.842  INFO 12900 --- [           main] org.apache.catalina.core.StandardEngine  : Starting Servlet engine: [Apache Tomcat/9.0.16]
2019-11-25 23:27:19.851  INFO 12900 --- [           main] o.a.catalina.core.AprLifecycleListener   : The APR based Apache Tomcat Native library which allows optimal performance in production environments was not found on the java.library.path: [C:\Program Files\Java\jdk1.8.0_211\jre\bin;C:\WINDOWS\Sun\Java\bin;C:\WINDOWS\system32;C:\WINDOWS;C:\ProgramData\DockerDesktop\version-bin;C:\Program Files\Docker\Docker\Resources\bin;C:\Program Files (x86)\Common Files\Oracle\Java\javapath;C:\Program Files (x86)\Intel\Intel(R) Management Engine Components\iCLS\;C:\Program Files\Intel\Intel(R) Management Engine Components\iCLS\;C:\Windows\system32;C:\Windows;C:\Windows\System32\Wbem;C:\Windows\System32\WindowsPowerShell\v1.0\;C:\Windows\System32\OpenSSH\;C:\Program Files (x86)\Intel\Intel(R) Management Engine Components\DAL;C:\Program Files\Intel\Intel(R) Management Engine Components\DAL;C:\Program Files (x86)\Intel\Intel(R) Management Engine Components\IPT;C:\Program Files\Intel\Intel(R) Management Engine Components\IPT;C:\Program Files\Intel\WiFi\bin\;C:\Program Files\Common Files\Intel\WirelessCommon\;C:\Program Files\dotnet\;C:\Program Files\Microsoft SQL Server\130\Tools\Binn\;C:\Program Files\Microsoft SQL Server\Client SDK\ODBC\170\Tools\Binn\;C:\Program Files\Java\java-1.8.0-openjdk-1.8.0.201-2.b09.redhat.windows.x86_64\bin;C:\Program Files\Git\cmd;C:\Program Files\Java\jre1.8.0_211\bin;;C:\WINDOWS\system32;C:\WINDOWS;C:\WINDOWS\System32\Wbem;C:\WINDOWS\System32\WindowsPowerShell\v1.0\;C:\WINDOWS\System32\OpenSSH\;C:\Program Files\nodejs\;C:\Program Files\NVIDIA Corporation\NVIDIA NvDLISR;C:\Program Files (x86)\NVIDIA Corporation\PhysX\Common;C:\Users\Jouni\AppData\Local\Microsoft\WindowsApps;C:\Users\Jouni\AppData\Local\Programs\Microsoft VS Code\bin;C:\Users\Jouni\AppData\Roaming\npm;C:\Program Files\JetBrains\IntelliJ IDEA Community Edition 2019.2.2\bin;;C:\Users\Jouni\AppData\Local\GitHubDesktop\bin;C:\Program Files\Heroku\bin;.]
2019-11-25 23:27:19.960  INFO 12900 --- [           main] o.a.c.c.C.[Tomcat].[localhost].[/]       : Initializing Spring embedded WebApplicationContext
2019-11-25 23:27:19.960  INFO 12900 --- [           main] o.s.web.context.ContextLoader            : Root WebApplicationContext: initialization completed in 2073 ms
2019-11-25 23:27:20.235  INFO 12900 --- [           main] com.zaxxer.hikari.HikariDataSource       : HikariPool-1 - Starting...
2019-11-25 23:27:20.371  INFO 12900 --- [           main] com.zaxxer.hikari.HikariDataSource       : HikariPool-1 - Start completed.
2019-11-25 23:27:20.465  INFO 12900 --- [           main] o.hibernate.jpa.internal.util.LogHelper  : HHH000204: Processing PersistenceUnitInfo [
	name: default
	...]
2019-11-25 23:27:20.571  INFO 12900 --- [           main] org.hibernate.Version                    : HHH000412: Hibernate Core {5.3.7.Final}
2019-11-25 23:27:20.573  INFO 12900 --- [           main] org.hibernate.cfg.Environment            : HHH000206: hibernate.properties not found
2019-11-25 23:27:20.731  INFO 12900 --- [           main] o.hibernate.annotations.common.Version   : HCANN000001: Hibernate Commons Annotations {5.0.4.Final}
2019-11-25 23:27:20.878  INFO 12900 --- [           main] org.hibernate.dialect.Dialect            : HHH000400: Using dialect: org.hibernate.dialect.H2Dialect
Hibernate: create table account (id bigint not null, password varchar(255), username varchar(255), primary key (id))
Hibernate: create table account_authorities (account_id bigint not null, authorities varchar(255))
Hibernate: create sequence hibernate_sequence start with 1 increment by 1
Hibernate: alter table account_authorities add constraint FKfy3jie51rrfqybg5jm47hp4q0 foreign key (account_id) references account
2019-11-25 23:27:21.551  INFO 12900 --- [           main] j.LocalContainerEntityManagerFactoryBean : Initialized JPA EntityManagerFactory for persistence unit 'default'
2019-11-25 23:27:22.435  INFO 12900 --- [           main] o.s.s.web.DefaultSecurityFilterChain     : Creating filter chain: any request, [org.springframework.security.web.context.request.async.WebAsyncManagerIntegrationFilter@2df71be0, org.springframework.security.web.context.SecurityContextPersistenceFilter@5d800a56, org.springframework.security.web.header.HeaderWriterFilter@3c71cf3e, org.springframework.security.web.csrf.CsrfFilter@279c4e3b, org.springframework.security.web.authentication.logout.LogoutFilter@77cd235b, org.springframework.security.web.authentication.UsernamePasswordAuthenticationFilter@717a8a76, org.springframework.security.web.authentication.ui.DefaultLoginPageGeneratingFilter@102af1bb, org.springframework.security.web.authentication.ui.DefaultLogoutPageGeneratingFilter@b841713, org.springframework.security.web.savedrequest.RequestCacheAwareFilter@315cf170, org.springframework.security.web.servletapi.SecurityContextHolderAwareRequestFilter@abc7005, org.springframework.security.web.authentication.AnonymousAuthenticationFilter@3fef1e6b, org.springframework.security.web.session.SessionManagementFilter@5af38a4a, org.springframework.security.web.access.ExceptionTranslationFilter@3b9c9b8b, org.springframework.security.web.access.intercept.FilterSecurityInterceptor@4468fda8]
2019-11-25 23:27:22.859  INFO 12900 --- [           main] o.s.s.concurrent.ThreadPoolTaskExecutor  : Initializing ExecutorService 'applicationTaskExecutor'
2019-11-25 23:27:22.921  WARN 12900 --- [           main] aWebConfiguration$JpaWebMvcConfiguration : spring.jpa.open-in-view is enabled by default. Therefore, database queries may be performed during view rendering. Explicitly configure spring.jpa.open-in-view to disable this warning
2019-11-25 23:27:23.136  INFO 12900 --- [           main] o.s.b.a.w.s.WelcomePageHandlerMapping    : Adding welcome page template: index
2019-11-25 23:27:23.947  INFO 12900 --- [           main] o.s.b.w.embedded.tomcat.TomcatWebServer  : Tomcat started on port(s): 50627 (http) with context path ''
2019-11-25 23:27:23.948  INFO 12900 --- [           main] o.OnlyForTheSelectedApplicationTest      : Started OnlyForTheSelectedApplicationTest in 6.348 seconds (JVM running for 7.172)
2019-11-25 23:27:24.903  INFO 12900 --- [           main] o.h.h.i.QueryTranslatorFactoryInitiator  : HHH000397: Using ASTQueryTranslatorFactory
Hibernate: select account0_.id as id1_0_, account0_.password as password2_0_, account0_.username as username3_0_ from account account0_ where account0_.username=?
Hibernate: call next value for hibernate_sequence
Hibernate: insert into account (password, username, id) values (?, ?, ?)
Hibernate: insert into account_authorities (account_id, authorities) values (?, ?)
Hibernate: select account0_.id as id1_0_, account0_.password as password2_0_, account0_.username as username3_0_ from account account0_ where account0_.username=?
Hibernate: call next value for hibernate_sequence
Hibernate: insert into account (password, username, id) values (?, ?, ?)
Hibernate: insert into account_authorities (account_id, authorities) values (?, ?)
Hibernate: insert into account_authorities (account_id, authorities) values (?, ?)
Hibernate: select account0_.id as id1_0_, account0_.password as password2_0_, account0_.username as username3_0_ from account account0_ where account0_.username=?
Hibernate: call next value for hibernate_sequence
Hibernate: insert into account (password, username, id) values (?, ?, ?)
Hibernate: insert into account_authorities (account_id, authorities) values (?, ?)
2019-11-25 23:27:25.428  INFO 12900 --- [o-auto-1-exec-1] o.a.c.c.C.[Tomcat].[localhost].[/]       : Initializing Spring DispatcherServlet 'dispatcherServlet'
2019-11-25 23:27:25.428  INFO 12900 --- [o-auto-1-exec-1] o.s.web.servlet.DispatcherServlet        : Initializing Servlet 'dispatcherServlet'
2019-11-25 23:27:25.446  INFO 12900 --- [o-auto-1-exec-1] o.s.web.servlet.DispatcherServlet        : Completed initialization in 18 ms
2019-11-25 23:27:25.942  WARN 12900 --- [pool-2-thread-1] c.g.htmlunit.DefaultCssErrorHandler      : CSS error: 'https://maxcdn.bootstrapcdn.com/bootstrap/4.0.0-beta/css/bootstrap.min.css' [6:18977] Error in expression. (Invalid token " ". Was expecting one of: <NUMBER>, "inherit", <IDENT>, <STRING>, <HASH>, <EMS>, <EXS>, <LENGTH_PX>, <LENGTH_CM>, <LENGTH_MM>, <LENGTH_IN>, <LENGTH_PT>, <LENGTH_PC>, <ANGLE_DEG>, <ANGLE_RAD>, <ANGLE_GRAD>, <TIME_MS>, <TIME_S>, <FREQ_HZ>, <FREQ_KHZ>, <RESOLUTION_DPI>, <RESOLUTION_DPCM>, <PERCENTAGE>, <DIMENSION>, <UNICODE_RANGE>, <URI>, <FUNCTION>, "progid:".)
2019-11-25 23:27:25.942  WARN 12900 --- [pool-2-thread-1] c.g.htmlunit.DefaultCssErrorHandler      : CSS error: 'https://maxcdn.bootstrapcdn.com/bootstrap/4.0.0-beta/css/bootstrap.min.css' [6:19149] Error in expression. (Invalid token " ". Was expecting one of: <NUMBER>, "inherit", <IDENT>, <STRING>, <HASH>, <EMS>, <EXS>, <LENGTH_PX>, <LENGTH_CM>, <LENGTH_MM>, <LENGTH_IN>, <LENGTH_PT>, <LENGTH_PC>, <ANGLE_DEG>, <ANGLE_RAD>, <ANGLE_GRAD>, <TIME_MS>, <TIME_S>, <FREQ_HZ>, <FREQ_KHZ>, <RESOLUTION_DPI>, <RESOLUTION_DPCM>, <PERCENTAGE>, <DIMENSION>, <UNICODE_RANGE>, <URI>, <FUNCTION>, "progid:".)
2019-11-25 23:27:25.942  WARN 12900 --- [pool-2-thread-1] c.g.htmlunit.DefaultCssErrorHandler      : CSS error: 'https://maxcdn.bootstrapcdn.com/bootstrap/4.0.0-beta/css/bootstrap.min.css' [6:19186] Error in expression. (Invalid token " ". Was expecting one of: <NUMBER>, "inherit", <IDENT>, <STRING>, <HASH>, <EMS>, <EXS>, <LENGTH_PX>, <LENGTH_CM>, <LENGTH_MM>, <LENGTH_IN>, <LENGTH_PT>, <LENGTH_PC>, <ANGLE_DEG>, <ANGLE_RAD>, <ANGLE_GRAD>, <TIME_MS>, <TIME_S>, <FREQ_HZ>, <FREQ_KHZ>, <RESOLUTION_DPI>, <RESOLUTION_DPCM>, <PERCENTAGE>, <DIMENSION>, <UNICODE_RANGE>, <URI>, <FUNCTION>, "progid:".)
2019-11-25 23:27:25.943  WARN 12900 --- [pool-2-thread-1] c.g.htmlunit.DefaultCssErrorHandler      : CSS error: 'https://maxcdn.bootstrapcdn.com/bootstrap/4.0.0-beta/css/bootstrap.min.css' [6:19255] Error in expression. (Invalid token " ". Was expecting one of: <NUMBER>, "inherit", <IDENT>, <STRING>, <HASH>, <EMS>, <EXS>, <LENGTH_PX>, <LENGTH_CM>, <LENGTH_MM>, <LENGTH_IN>, <LENGTH_PT>, <LENGTH_PC>, <ANGLE_DEG>, <ANGLE_RAD>, <ANGLE_GRAD>, <TIME_MS>, <TIME_S>, <FREQ_HZ>, <FREQ_KHZ>, <RESOLUTION_DPI>, <RESOLUTION_DPCM>, <PERCENTAGE>, <DIMENSION>, <UNICODE_RANGE>, <URI>, <FUNCTION>, "progid:".)
2019-11-25 23:27:25.943  WARN 12900 --- [pool-2-thread-1] c.g.htmlunit.DefaultCssErrorHandler      : CSS error: 'https://maxcdn.bootstrapcdn.com/bootstrap/4.0.0-beta/css/bootstrap.min.css' [6:19292] Error in expression. (Invalid token " ". Was expecting one of: <NUMBER>, "inherit", <IDENT>, <STRING>, <HASH>, <EMS>, <EXS>, <LENGTH_PX>, <LENGTH_CM>, <LENGTH_MM>, <LENGTH_IN>, <LENGTH_PT>, <LENGTH_PC>, <ANGLE_DEG>, <ANGLE_RAD>, <ANGLE_GRAD>, <TIME_MS>, <TIME_S>, <FREQ_HZ>, <FREQ_KHZ>, <RESOLUTION_DPI>, <RESOLUTION_DPCM>, <PERCENTAGE>, <DIMENSION>, <UNICODE_RANGE>, <URI>, <FUNCTION>, "progid:".)
2019-11-25 23:27:25.943  WARN 12900 --- [pool-2-thread-1] c.g.htmlunit.DefaultCssErrorHandler      : CSS error: 'https://maxcdn.bootstrapcdn.com/bootstrap/4.0.0-beta/css/bootstrap.min.css' [6:19364] Error in expression. (Invalid token " ". Was expecting one of: <NUMBER>, "inherit", <IDENT>, <STRING>, <HASH>, <EMS>, <EXS>, <LENGTH_PX>, <LENGTH_CM>, <LENGTH_MM>, <LENGTH_IN>, <LENGTH_PT>, <LENGTH_PC>, <ANGLE_DEG>, <ANGLE_RAD>, <ANGLE_GRAD>, <TIME_MS>, <TIME_S>, <FREQ_HZ>, <FREQ_KHZ>, <RESOLUTION_DPI>, <RESOLUTION_DPCM>, <PERCENTAGE>, <DIMENSION>, <UNICODE_RANGE>, <URI>, <FUNCTION>, "progid:".)
2019-11-25 23:27:25.944  WARN 12900 --- [pool-2-thread-1] c.g.htmlunit.DefaultCssErrorHandler      : CSS error: 'https://maxcdn.bootstrapcdn.com/bootstrap/4.0.0-beta/css/bootstrap.min.css' [6:19402] Error in expression. (Invalid token " ". Was expecting one of: <NUMBER>, "inherit", <IDENT>, <STRING>, <HASH>, <EMS>, <EXS>, <LENGTH_PX>, <LENGTH_CM>, <LENGTH_MM>, <LENGTH_IN>, <LENGTH_PT>, <LENGTH_PC>, <ANGLE_DEG>, <ANGLE_RAD>, <ANGLE_GRAD>, <TIME_MS>, <TIME_S>, <FREQ_HZ>, <FREQ_KHZ>, <RESOLUTION_DPI>, <RESOLUTION_DPCM>, <PERCENTAGE>, <DIMENSION>, <UNICODE_RANGE>, <URI>, <FUNCTION>, "progid:".)
2019-11-25 23:27:25.945  WARN 12900 --- [pool-2-thread-1] c.g.htmlunit.DefaultCssErrorHandler      : CSS error: 'https://maxcdn.bootstrapcdn.com/bootstrap/4.0.0-beta/css/bootstrap.min.css' [6:20586] Error in expression. (Invalid token " ". Was expecting one of: <NUMBER>, "inherit", <IDENT>, <STRING>, <HASH>, <EMS>, <EXS>, <LENGTH_PX>, <LENGTH_CM>, <LENGTH_MM>, <LENGTH_IN>, <LENGTH_PT>, <LENGTH_PC>, <ANGLE_DEG>, <ANGLE_RAD>, <ANGLE_GRAD>, <TIME_MS>, <TIME_S>, <FREQ_HZ>, <FREQ_KHZ>, <RESOLUTION_DPI>, <RESOLUTION_DPCM>, <PERCENTAGE>, <DIMENSION>, <UNICODE_RANGE>, <URI>, <FUNCTION>, "progid:".)
2019-11-25 23:27:25.946  WARN 12900 --- [pool-2-thread-1] c.g.htmlunit.DefaultCssErrorHandler      : CSS error: 'https://maxcdn.bootstrapcdn.com/bootstrap/4.0.0-beta/css/bootstrap.min.css' [6:21064] Error in expression. (Invalid token " ". Was expecting one of: <NUMBER>, "inherit", <IDENT>, <STRING>, <HASH>, <EMS>, <EXS>, <LENGTH_PX>, <LENGTH_CM>, <LENGTH_MM>, <LENGTH_IN>, <LENGTH_PT>, <LENGTH_PC>, <ANGLE_DEG>, <ANGLE_RAD>, <ANGLE_GRAD>, <TIME_MS>, <TIME_S>, <FREQ_HZ>, <FREQ_KHZ>, <RESOLUTION_DPI>, <RESOLUTION_DPCM>, <PERCENTAGE>, <DIMENSION>, <UNICODE_RANGE>, <URI>, <FUNCTION>, "progid:".)
2019-11-25 23:27:25.967  WARN 12900 --- [pool-2-thread-1] c.g.htmlunit.DefaultCssErrorHandler      : CSS error: 'https://maxcdn.bootstrapcdn.com/bootstrap/4.0.0-beta/css/bootstrap.min.css' [6:46428] Error in expression. (Invalid token " ". Was expecting one of: <NUMBER>, "inherit", <IDENT>, <STRING>, <HASH>, <EMS>, <EXS>, <LENGTH_PX>, <LENGTH_CM>, <LENGTH_MM>, <LENGTH_IN>, <LENGTH_PT>, <LENGTH_PC>, <ANGLE_DEG>, <ANGLE_RAD>, <ANGLE_GRAD>, <TIME_MS>, <TIME_S>, <FREQ_HZ>, <FREQ_KHZ>, <RESOLUTION_DPI>, <RESOLUTION_DPCM>, <PERCENTAGE>, <DIMENSION>, <UNICODE_RANGE>, <URI>, <FUNCTION>, "progid:".)
2019-11-25 23:27:25.968  WARN 12900 --- [pool-2-thread-1] c.g.htmlunit.DefaultCssErrorHandler      : CSS error: 'https://maxcdn.bootstrapcdn.com/bootstrap/4.0.0-beta/css/bootstrap.min.css' [6:47137] Error in expression. (Invalid token " ". Was expecting one of: <NUMBER>, "inherit", <IDENT>, <STRING>, <HASH>, <EMS>, <EXS>, <LENGTH_PX>, <LENGTH_CM>, <LENGTH_MM>, <LENGTH_IN>, <LENGTH_PT>, <LENGTH_PC>, <ANGLE_DEG>, <ANGLE_RAD>, <ANGLE_GRAD>, <TIME_MS>, <TIME_S>, <FREQ_HZ>, <FREQ_KHZ>, <RESOLUTION_DPI>, <RESOLUTION_DPCM>, <PERCENTAGE>, <DIMENSION>, <UNICODE_RANGE>, <URI>, <FUNCTION>, "progid:".)
2019-11-25 23:27:25.975  WARN 12900 --- [pool-2-thread-1] c.g.htmlunit.DefaultCssErrorHandler      : CSS error: 'https://maxcdn.bootstrapcdn.com/bootstrap/4.0.0-beta/css/bootstrap.min.css' [6:57569] Error in expression. (Invalid token " ". Was expecting one of: <NUMBER>, "inherit", <IDENT>, <STRING>, <HASH>, <EMS>, <EXS>, <LENGTH_PX>, <LENGTH_CM>, <LENGTH_MM>, <LENGTH_IN>, <LENGTH_PT>, <LENGTH_PC>, <ANGLE_DEG>, <ANGLE_RAD>, <ANGLE_GRAD>, <TIME_MS>, <TIME_S>, <FREQ_HZ>, <FREQ_KHZ>, <RESOLUTION_DPI>, <RESOLUTION_DPCM>, <PERCENTAGE>, <DIMENSION>, <UNICODE_RANGE>, <URI>, <FUNCTION>, "progid:".)
2019-11-25 23:27:25.975  WARN 12900 --- [pool-2-thread-1] c.g.htmlunit.DefaultCssErrorHandler      : CSS error: 'https://maxcdn.bootstrapcdn.com/bootstrap/4.0.0-beta/css/bootstrap.min.css' [6:57760] Error in expression. (Invalid token " ". Was expecting one of: <NUMBER>, "inherit", <IDENT>, <STRING>, <HASH>, <EMS>, <EXS>, <LENGTH_PX>, <LENGTH_CM>, <LENGTH_MM>, <LENGTH_IN>, <LENGTH_PT>, <LENGTH_PC>, <ANGLE_DEG>, <ANGLE_RAD>, <ANGLE_GRAD>, <TIME_MS>, <TIME_S>, <FREQ_HZ>, <FREQ_KHZ>, <RESOLUTION_DPI>, <RESOLUTION_DPCM>, <PERCENTAGE>, <DIMENSION>, <UNICODE_RANGE>, <URI>, <FUNCTION>, "progid:".)
2019-11-25 23:27:25.976  WARN 12900 --- [pool-2-thread-1] c.g.htmlunit.DefaultCssErrorHandler      : CSS error: 'https://maxcdn.bootstrapcdn.com/bootstrap/4.0.0-beta/css/bootstrap.min.css' [6:58076] Error in expression. (Invalid token " ". Was expecting one of: <NUMBER>, "inherit", <IDENT>, <STRING>, <HASH>, <EMS>, <EXS>, <LENGTH_PX>, <LENGTH_CM>, <LENGTH_MM>, <LENGTH_IN>, <LENGTH_PT>, <LENGTH_PC>, <ANGLE_DEG>, <ANGLE_RAD>, <ANGLE_GRAD>, <TIME_MS>, <TIME_S>, <FREQ_HZ>, <FREQ_KHZ>, <RESOLUTION_DPI>, <RESOLUTION_DPCM>, <PERCENTAGE>, <DIMENSION>, <UNICODE_RANGE>, <URI>, <FUNCTION>, "progid:".)
2019-11-25 23:27:25.976  WARN 12900 --- [pool-2-thread-1] c.g.htmlunit.DefaultCssErrorHandler      : CSS error: 'https://maxcdn.bootstrapcdn.com/bootstrap/4.0.0-beta/css/bootstrap.min.css' [6:58143] Error in expression. (Invalid token " ". Was expecting one of: <NUMBER>, "inherit", <IDENT>, <STRING>, <HASH>, <EMS>, <EXS>, <LENGTH_PX>, <LENGTH_CM>, <LENGTH_MM>, <LENGTH_IN>, <LENGTH_PT>, <LENGTH_PC>, <ANGLE_DEG>, <ANGLE_RAD>, <ANGLE_GRAD>, <TIME_MS>, <TIME_S>, <FREQ_HZ>, <FREQ_KHZ>, <RESOLUTION_DPI>, <RESOLUTION_DPCM>, <PERCENTAGE>, <DIMENSION>, <UNICODE_RANGE>, <URI>, <FUNCTION>, "progid:".)
2019-11-25 23:27:25.977  WARN 12900 --- [pool-2-thread-1] c.g.htmlunit.DefaultCssErrorHandler      : CSS error: 'https://maxcdn.bootstrapcdn.com/bootstrap/4.0.0-beta/css/bootstrap.min.css' [6:58186] Error in expression. (Invalid token " ". Was expecting one of: <NUMBER>, "inherit", <IDENT>, <STRING>, <HASH>, <EMS>, <EXS>, <LENGTH_PX>, <LENGTH_CM>, <LENGTH_MM>, <LENGTH_IN>, <LENGTH_PT>, <LENGTH_PC>, <ANGLE_DEG>, <ANGLE_RAD>, <ANGLE_GRAD>, <TIME_MS>, <TIME_S>, <FREQ_HZ>, <FREQ_KHZ>, <RESOLUTION_DPI>, <RESOLUTION_DPCM>, <PERCENTAGE>, <DIMENSION>, <UNICODE_RANGE>, <URI>, <FUNCTION>, "progid:".)
2019-11-25 23:27:25.977  WARN 12900 --- [pool-2-thread-1] c.g.htmlunit.DefaultCssErrorHandler      : CSS error: 'https://maxcdn.bootstrapcdn.com/bootstrap/4.0.0-beta/css/bootstrap.min.css' [6:58260] Error in expression. (Invalid token " ". Was expecting one of: <NUMBER>, "inherit", <IDENT>, <STRING>, <HASH>, <EMS>, <EXS>, <LENGTH_PX>, <LENGTH_CM>, <LENGTH_MM>, <LENGTH_IN>, <LENGTH_PT>, <LENGTH_PC>, <ANGLE_DEG>, <ANGLE_RAD>, <ANGLE_GRAD>, <TIME_MS>, <TIME_S>, <FREQ_HZ>, <FREQ_KHZ>, <RESOLUTION_DPI>, <RESOLUTION_DPCM>, <PERCENTAGE>, <DIMENSION>, <UNICODE_RANGE>, <URI>, <FUNCTION>, "progid:".)
2019-11-25 23:27:25.978  WARN 12900 --- [pool-2-thread-1] c.g.htmlunit.DefaultCssErrorHandler      : CSS error: 'https://maxcdn.bootstrapcdn.com/bootstrap/4.0.0-beta/css/bootstrap.min.css' [6:58305] Error in expression. (Invalid token " ". Was expecting one of: <NUMBER>, "inherit", <IDENT>, <STRING>, <HASH>, <EMS>, <EXS>, <LENGTH_PX>, <LENGTH_CM>, <LENGTH_MM>, <LENGTH_IN>, <LENGTH_PT>, <LENGTH_PC>, <ANGLE_DEG>, <ANGLE_RAD>, <ANGLE_GRAD>, <TIME_MS>, <TIME_S>, <FREQ_HZ>, <FREQ_KHZ>, <RESOLUTION_DPI>, <RESOLUTION_DPCM>, <PERCENTAGE>, <DIMENSION>, <UNICODE_RANGE>, <URI>, <FUNCTION>, "progid:".)
2019-11-25 23:27:25.993  WARN 12900 --- [pool-2-thread-1] c.g.htmlunit.DefaultCssErrorHandler      : CSS error: 'https://maxcdn.bootstrapcdn.com/bootstrap/4.0.0-beta/css/bootstrap.min.css' [6:78759] Error in expression. (Invalid token " ". Was expecting one of: <NUMBER>, "inherit", <IDENT>, <STRING>, <HASH>, <EMS>, <EXS>, <LENGTH_PX>, <LENGTH_CM>, <LENGTH_MM>, <LENGTH_IN>, <LENGTH_PT>, <LENGTH_PC>, <ANGLE_DEG>, <ANGLE_RAD>, <ANGLE_GRAD>, <TIME_MS>, <TIME_S>, <FREQ_HZ>, <FREQ_KHZ>, <RESOLUTION_DPI>, <RESOLUTION_DPCM>, <PERCENTAGE>, <DIMENSION>, <UNICODE_RANGE>, <URI>, <FUNCTION>, "progid:".)
2019-11-25 23:27:25.994  WARN 12900 --- [pool-2-thread-1] c.g.htmlunit.DefaultCssErrorHandler      : CSS error: 'https://maxcdn.bootstrapcdn.com/bootstrap/4.0.0-beta/css/bootstrap.min.css' [6:78801] Error in expression. (Invalid token " ". Was expecting one of: <NUMBER>, "inherit", <IDENT>, <STRING>, <HASH>, <EMS>, <EXS>, <LENGTH_PX>, <LENGTH_CM>, <LENGTH_MM>, <LENGTH_IN>, <LENGTH_PT>, <LENGTH_PC>, <ANGLE_DEG>, <ANGLE_RAD>, <ANGLE_GRAD>, <TIME_MS>, <TIME_S>, <FREQ_HZ>, <FREQ_KHZ>, <RESOLUTION_DPI>, <RESOLUTION_DPCM>, <PERCENTAGE>, <DIMENSION>, <UNICODE_RANGE>, <URI>, <FUNCTION>, "progid:".)
]]></system-out>
  </testcase>
  <testcase name="userCanSeeSecretAfterLogin" classname="onlyfortheselected.OnlyForTheSelectedApplicationTest" time="0.636"/>
  <testcase name="userCannotSeeAdminPathEvenAfterLogin" classname="onlyfortheselected.OnlyForTheSelectedApplicationTest" time="0.458">
    <failure message="&#10;Expecting:&#10; &lt;&quot;&lt;?xml version=&quot;1.0&quot; encoding=&quot;UTF-8&quot;?&gt;&#10;&lt;html&gt;&#10;  &lt;head/&gt;&#10;  &lt;body&gt;&#10;    Admin!&#10;  &lt;/body&gt;&#10;&lt;/html&gt;&#10;&quot;&gt;&#10;not to contain:&#10; &lt;&quot;Admin!&quot;&gt;&#10;" type="java.lang.AssertionError"><![CDATA[java.lang.AssertionError: 

Expecting:
 <"<?xml version="1.0" encoding="UTF-8"?>
<html>
  <head/>
  <body>
    Admin!
  </body>
</html>
">
not to contain:
 <"Admin!">

	at onlyfortheselected.OnlyForTheSelectedApplicationTest.userCannotSeeAdminPathEvenAfterLogin(OnlyForTheSelectedApplicationTest.java:81)
]]></failure>
    <system-out><![CDATA[Hibernate: select account0_.id as id1_0_, account0_.password as password2_0_, account0_.username as username3_0_ from account account0_ where account0_.username=?
Hibernate: select authoritie0_.account_id as account_1_1_0_, authoritie0_.authorities as authorit2_1_0_ from account_authorities authoritie0_ where authoritie0_.account_id=?
Hibernate: select account0_.id as id1_0_, account0_.password as password2_0_, account0_.username as username3_0_ from account account0_ where account0_.username=?
Hibernate: select authoritie0_.account_id as account_1_1_0_, authoritie0_.authorities as authorit2_1_0_ from account_authorities authoritie0_ where authoritie0_.account_id=?
Hibernate: select account0_.id as id1_0_, account0_.password as password2_0_, account0_.username as username3_0_ from account account0_ where account0_.username=?
Hibernate: select authoritie0_.account_id as account_1_1_0_, authoritie0_.authorities as authorit2_1_0_ from account_authorities authoritie0_ where authoritie0_.account_id=?
2019-11-25 23:27:27.037  WARN 12900 --- [pool-6-thread-1] c.g.htmlunit.DefaultCssErrorHandler      : CSS error: 'https://maxcdn.bootstrapcdn.com/bootstrap/4.0.0-beta/css/bootstrap.min.css' [6:18977] Error in expression. (Invalid token " ". Was expecting one of: <NUMBER>, "inherit", <IDENT>, <STRING>, <HASH>, <EMS>, <EXS>, <LENGTH_PX>, <LENGTH_CM>, <LENGTH_MM>, <LENGTH_IN>, <LENGTH_PT>, <LENGTH_PC>, <ANGLE_DEG>, <ANGLE_RAD>, <ANGLE_GRAD>, <TIME_MS>, <TIME_S>, <FREQ_HZ>, <FREQ_KHZ>, <RESOLUTION_DPI>, <RESOLUTION_DPCM>, <PERCENTAGE>, <DIMENSION>, <UNICODE_RANGE>, <URI>, <FUNCTION>, "progid:".)
2019-11-25 23:27:27.037  WARN 12900 --- [pool-6-thread-1] c.g.htmlunit.DefaultCssErrorHandler      : CSS error: 'https://maxcdn.bootstrapcdn.com/bootstrap/4.0.0-beta/css/bootstrap.min.css' [6:19149] Error in expression. (Invalid token " ". Was expecting one of: <NUMBER>, "inherit", <IDENT>, <STRING>, <HASH>, <EMS>, <EXS>, <LENGTH_PX>, <LENGTH_CM>, <LENGTH_MM>, <LENGTH_IN>, <LENGTH_PT>, <LENGTH_PC>, <ANGLE_DEG>, <ANGLE_RAD>, <ANGLE_GRAD>, <TIME_MS>, <TIME_S>, <FREQ_HZ>, <FREQ_KHZ>, <RESOLUTION_DPI>, <RESOLUTION_DPCM>, <PERCENTAGE>, <DIMENSION>, <UNICODE_RANGE>, <URI>, <FUNCTION>, "progid:".)
2019-11-25 23:27:27.037  WARN 12900 --- [pool-6-thread-1] c.g.htmlunit.DefaultCssErrorHandler      : CSS error: 'https://maxcdn.bootstrapcdn.com/bootstrap/4.0.0-beta/css/bootstrap.min.css' [6:19186] Error in expression. (Invalid token " ". Was expecting one of: <NUMBER>, "inherit", <IDENT>, <STRING>, <HASH>, <EMS>, <EXS>, <LENGTH_PX>, <LENGTH_CM>, <LENGTH_MM>, <LENGTH_IN>, <LENGTH_PT>, <LENGTH_PC>, <ANGLE_DEG>, <ANGLE_RAD>, <ANGLE_GRAD>, <TIME_MS>, <TIME_S>, <FREQ_HZ>, <FREQ_KHZ>, <RESOLUTION_DPI>, <RESOLUTION_DPCM>, <PERCENTAGE>, <DIMENSION>, <UNICODE_RANGE>, <URI>, <FUNCTION>, "progid:".)
2019-11-25 23:27:27.037  WARN 12900 --- [pool-6-thread-1] c.g.htmlunit.DefaultCssErrorHandler      : CSS error: 'https://maxcdn.bootstrapcdn.com/bootstrap/4.0.0-beta/css/bootstrap.min.css' [6:19255] Error in expression. (Invalid token " ". Was expecting one of: <NUMBER>, "inherit", <IDENT>, <STRING>, <HASH>, <EMS>, <EXS>, <LENGTH_PX>, <LENGTH_CM>, <LENGTH_MM>, <LENGTH_IN>, <LENGTH_PT>, <LENGTH_PC>, <ANGLE_DEG>, <ANGLE_RAD>, <ANGLE_GRAD>, <TIME_MS>, <TIME_S>, <FREQ_HZ>, <FREQ_KHZ>, <RESOLUTION_DPI>, <RESOLUTION_DPCM>, <PERCENTAGE>, <DIMENSION>, <UNICODE_RANGE>, <URI>, <FUNCTION>, "progid:".)
2019-11-25 23:27:27.037  WARN 12900 --- [pool-6-thread-1] c.g.htmlunit.DefaultCssErrorHandler      : CSS error: 'https://maxcdn.bootstrapcdn.com/bootstrap/4.0.0-beta/css/bootstrap.min.css' [6:19292] Error in expression. (Invalid token " ". Was expecting one of: <NUMBER>, "inherit", <IDENT>, <STRING>, <HASH>, <EMS>, <EXS>, <LENGTH_PX>, <LENGTH_CM>, <LENGTH_MM>, <LENGTH_IN>, <LENGTH_PT>, <LENGTH_PC>, <ANGLE_DEG>, <ANGLE_RAD>, <ANGLE_GRAD>, <TIME_MS>, <TIME_S>, <FREQ_HZ>, <FREQ_KHZ>, <RESOLUTION_DPI>, <RESOLUTION_DPCM>, <PERCENTAGE>, <DIMENSION>, <UNICODE_RANGE>, <URI>, <FUNCTION>, "progid:".)
2019-11-25 23:27:27.038  WARN 12900 --- [pool-6-thread-1] c.g.htmlunit.DefaultCssErrorHandler      : CSS error: 'https://maxcdn.bootstrapcdn.com/bootstrap/4.0.0-beta/css/bootstrap.min.css' [6:19364] Error in expression. (Invalid token " ". Was expecting one of: <NUMBER>, "inherit", <IDENT>, <STRING>, <HASH>, <EMS>, <EXS>, <LENGTH_PX>, <LENGTH_CM>, <LENGTH_MM>, <LENGTH_IN>, <LENGTH_PT>, <LENGTH_PC>, <ANGLE_DEG>, <ANGLE_RAD>, <ANGLE_GRAD>, <TIME_MS>, <TIME_S>, <FREQ_HZ>, <FREQ_KHZ>, <RESOLUTION_DPI>, <RESOLUTION_DPCM>, <PERCENTAGE>, <DIMENSION>, <UNICODE_RANGE>, <URI>, <FUNCTION>, "progid:".)
2019-11-25 23:27:27.038  WARN 12900 --- [pool-6-thread-1] c.g.htmlunit.DefaultCssErrorHandler      : CSS error: 'https://maxcdn.bootstrapcdn.com/bootstrap/4.0.0-beta/css/bootstrap.min.css' [6:19402] Error in expression. (Invalid token " ". Was expecting one of: <NUMBER>, "inherit", <IDENT>, <STRING>, <HASH>, <EMS>, <EXS>, <LENGTH_PX>, <LENGTH_CM>, <LENGTH_MM>, <LENGTH_IN>, <LENGTH_PT>, <LENGTH_PC>, <ANGLE_DEG>, <ANGLE_RAD>, <ANGLE_GRAD>, <TIME_MS>, <TIME_S>, <FREQ_HZ>, <FREQ_KHZ>, <RESOLUTION_DPI>, <RESOLUTION_DPCM>, <PERCENTAGE>, <DIMENSION>, <UNICODE_RANGE>, <URI>, <FUNCTION>, "progid:".)
2019-11-25 23:27:27.038  WARN 12900 --- [pool-6-thread-1] c.g.htmlunit.DefaultCssErrorHandler      : CSS error: 'https://maxcdn.bootstrapcdn.com/bootstrap/4.0.0-beta/css/bootstrap.min.css' [6:20586] Error in expression. (Invalid token " ". Was expecting one of: <NUMBER>, "inherit", <IDENT>, <STRING>, <HASH>, <EMS>, <EXS>, <LENGTH_PX>, <LENGTH_CM>, <LENGTH_MM>, <LENGTH_IN>, <LENGTH_PT>, <LENGTH_PC>, <ANGLE_DEG>, <ANGLE_RAD>, <ANGLE_GRAD>, <TIME_MS>, <TIME_S>, <FREQ_HZ>, <FREQ_KHZ>, <RESOLUTION_DPI>, <RESOLUTION_DPCM>, <PERCENTAGE>, <DIMENSION>, <UNICODE_RANGE>, <URI>, <FUNCTION>, "progid:".)
2019-11-25 23:27:27.039  WARN 12900 --- [pool-6-thread-1] c.g.htmlunit.DefaultCssErrorHandler      : CSS error: 'https://maxcdn.bootstrapcdn.com/bootstrap/4.0.0-beta/css/bootstrap.min.css' [6:21064] Error in expression. (Invalid token " ". Was expecting one of: <NUMBER>, "inherit", <IDENT>, <STRING>, <HASH>, <EMS>, <EXS>, <LENGTH_PX>, <LENGTH_CM>, <LENGTH_MM>, <LENGTH_IN>, <LENGTH_PT>, <LENGTH_PC>, <ANGLE_DEG>, <ANGLE_RAD>, <ANGLE_GRAD>, <TIME_MS>, <TIME_S>, <FREQ_HZ>, <FREQ_KHZ>, <RESOLUTION_DPI>, <RESOLUTION_DPCM>, <PERCENTAGE>, <DIMENSION>, <UNICODE_RANGE>, <URI>, <FUNCTION>, "progid:".)
2019-11-25 23:27:27.048  WARN 12900 --- [pool-6-thread-1] c.g.htmlunit.DefaultCssErrorHandler      : CSS error: 'https://maxcdn.bootstrapcdn.com/bootstrap/4.0.0-beta/css/bootstrap.min.css' [6:46428] Error in expression. (Invalid token " ". Was expecting one of: <NUMBER>, "inherit", <IDENT>, <STRING>, <HASH>, <EMS>, <EXS>, <LENGTH_PX>, <LENGTH_CM>, <LENGTH_MM>, <LENGTH_IN>, <LENGTH_PT>, <LENGTH_PC>, <ANGLE_DEG>, <ANGLE_RAD>, <ANGLE_GRAD>, <TIME_MS>, <TIME_S>, <FREQ_HZ>, <FREQ_KHZ>, <RESOLUTION_DPI>, <RESOLUTION_DPCM>, <PERCENTAGE>, <DIMENSION>, <UNICODE_RANGE>, <URI>, <FUNCTION>, "progid:".)
2019-11-25 23:27:27.049  WARN 12900 --- [pool-6-thread-1] c.g.htmlunit.DefaultCssErrorHandler      : CSS error: 'https://maxcdn.bootstrapcdn.com/bootstrap/4.0.0-beta/css/bootstrap.min.css' [6:47137] Error in expression. (Invalid token " ". Was expecting one of: <NUMBER>, "inherit", <IDENT>, <STRING>, <HASH>, <EMS>, <EXS>, <LENGTH_PX>, <LENGTH_CM>, <LENGTH_MM>, <LENGTH_IN>, <LENGTH_PT>, <LENGTH_PC>, <ANGLE_DEG>, <ANGLE_RAD>, <ANGLE_GRAD>, <TIME_MS>, <TIME_S>, <FREQ_HZ>, <FREQ_KHZ>, <RESOLUTION_DPI>, <RESOLUTION_DPCM>, <PERCENTAGE>, <DIMENSION>, <UNICODE_RANGE>, <URI>, <FUNCTION>, "progid:".)
2019-11-25 23:27:27.054  WARN 12900 --- [pool-6-thread-1] c.g.htmlunit.DefaultCssErrorHandler      : CSS error: 'https://maxcdn.bootstrapcdn.com/bootstrap/4.0.0-beta/css/bootstrap.min.css' [6:57569] Error in expression. (Invalid token " ". Was expecting one of: <NUMBER>, "inherit", <IDENT>, <STRING>, <HASH>, <EMS>, <EXS>, <LENGTH_PX>, <LENGTH_CM>, <LENGTH_MM>, <LENGTH_IN>, <LENGTH_PT>, <LENGTH_PC>, <ANGLE_DEG>, <ANGLE_RAD>, <ANGLE_GRAD>, <TIME_MS>, <TIME_S>, <FREQ_HZ>, <FREQ_KHZ>, <RESOLUTION_DPI>, <RESOLUTION_DPCM>, <PERCENTAGE>, <DIMENSION>, <UNICODE_RANGE>, <URI>, <FUNCTION>, "progid:".)
2019-11-25 23:27:27.054  WARN 12900 --- [pool-6-thread-1] c.g.htmlunit.DefaultCssErrorHandler      : CSS error: 'https://maxcdn.bootstrapcdn.com/bootstrap/4.0.0-beta/css/bootstrap.min.css' [6:57760] Error in expression. (Invalid token " ". Was expecting one of: <NUMBER>, "inherit", <IDENT>, <STRING>, <HASH>, <EMS>, <EXS>, <LENGTH_PX>, <LENGTH_CM>, <LENGTH_MM>, <LENGTH_IN>, <LENGTH_PT>, <LENGTH_PC>, <ANGLE_DEG>, <ANGLE_RAD>, <ANGLE_GRAD>, <TIME_MS>, <TIME_S>, <FREQ_HZ>, <FREQ_KHZ>, <RESOLUTION_DPI>, <RESOLUTION_DPCM>, <PERCENTAGE>, <DIMENSION>, <UNICODE_RANGE>, <URI>, <FUNCTION>, "progid:".)
2019-11-25 23:27:27.054  WARN 12900 --- [pool-6-thread-1] c.g.htmlunit.DefaultCssErrorHandler      : CSS error: 'https://maxcdn.bootstrapcdn.com/bootstrap/4.0.0-beta/css/bootstrap.min.css' [6:58076] Error in expression. (Invalid token " ". Was expecting one of: <NUMBER>, "inherit", <IDENT>, <STRING>, <HASH>, <EMS>, <EXS>, <LENGTH_PX>, <LENGTH_CM>, <LENGTH_MM>, <LENGTH_IN>, <LENGTH_PT>, <LENGTH_PC>, <ANGLE_DEG>, <ANGLE_RAD>, <ANGLE_GRAD>, <TIME_MS>, <TIME_S>, <FREQ_HZ>, <FREQ_KHZ>, <RESOLUTION_DPI>, <RESOLUTION_DPCM>, <PERCENTAGE>, <DIMENSION>, <UNICODE_RANGE>, <URI>, <FUNCTION>, "progid:".)
2019-11-25 23:27:27.055  WARN 12900 --- [pool-6-thread-1] c.g.htmlunit.DefaultCssErrorHandler      : CSS error: 'https://maxcdn.bootstrapcdn.com/bootstrap/4.0.0-beta/css/bootstrap.min.css' [6:58143] Error in expression. (Invalid token " ". Was expecting one of: <NUMBER>, "inherit", <IDENT>, <STRING>, <HASH>, <EMS>, <EXS>, <LENGTH_PX>, <LENGTH_CM>, <LENGTH_MM>, <LENGTH_IN>, <LENGTH_PT>, <LENGTH_PC>, <ANGLE_DEG>, <ANGLE_RAD>, <ANGLE_GRAD>, <TIME_MS>, <TIME_S>, <FREQ_HZ>, <FREQ_KHZ>, <RESOLUTION_DPI>, <RESOLUTION_DPCM>, <PERCENTAGE>, <DIMENSION>, <UNICODE_RANGE>, <URI>, <FUNCTION>, "progid:".)
2019-11-25 23:27:27.055  WARN 12900 --- [pool-6-thread-1] c.g.htmlunit.DefaultCssErrorHandler      : CSS error: 'https://maxcdn.bootstrapcdn.com/bootstrap/4.0.0-beta/css/bootstrap.min.css' [6:58186] Error in expression. (Invalid token " ". Was expecting one of: <NUMBER>, "inherit", <IDENT>, <STRING>, <HASH>, <EMS>, <EXS>, <LENGTH_PX>, <LENGTH_CM>, <LENGTH_MM>, <LENGTH_IN>, <LENGTH_PT>, <LENGTH_PC>, <ANGLE_DEG>, <ANGLE_RAD>, <ANGLE_GRAD>, <TIME_MS>, <TIME_S>, <FREQ_HZ>, <FREQ_KHZ>, <RESOLUTION_DPI>, <RESOLUTION_DPCM>, <PERCENTAGE>, <DIMENSION>, <UNICODE_RANGE>, <URI>, <FUNCTION>, "progid:".)
2019-11-25 23:27:27.055  WARN 12900 --- [pool-6-thread-1] c.g.htmlunit.DefaultCssErrorHandler      : CSS error: 'https://maxcdn.bootstrapcdn.com/bootstrap/4.0.0-beta/css/bootstrap.min.css' [6:58260] Error in expression. (Invalid token " ". Was expecting one of: <NUMBER>, "inherit", <IDENT>, <STRING>, <HASH>, <EMS>, <EXS>, <LENGTH_PX>, <LENGTH_CM>, <LENGTH_MM>, <LENGTH_IN>, <LENGTH_PT>, <LENGTH_PC>, <ANGLE_DEG>, <ANGLE_RAD>, <ANGLE_GRAD>, <TIME_MS>, <TIME_S>, <FREQ_HZ>, <FREQ_KHZ>, <RESOLUTION_DPI>, <RESOLUTION_DPCM>, <PERCENTAGE>, <DIMENSION>, <UNICODE_RANGE>, <URI>, <FUNCTION>, "progid:".)
2019-11-25 23:27:27.055  WARN 12900 --- [pool-6-thread-1] c.g.htmlunit.DefaultCssErrorHandler      : CSS error: 'https://maxcdn.bootstrapcdn.com/bootstrap/4.0.0-beta/css/bootstrap.min.css' [6:58305] Error in expression. (Invalid token " ". Was expecting one of: <NUMBER>, "inherit", <IDENT>, <STRING>, <HASH>, <EMS>, <EXS>, <LENGTH_PX>, <LENGTH_CM>, <LENGTH_MM>, <LENGTH_IN>, <LENGTH_PT>, <LENGTH_PC>, <ANGLE_DEG>, <ANGLE_RAD>, <ANGLE_GRAD>, <TIME_MS>, <TIME_S>, <FREQ_HZ>, <FREQ_KHZ>, <RESOLUTION_DPI>, <RESOLUTION_DPCM>, <PERCENTAGE>, <DIMENSION>, <UNICODE_RANGE>, <URI>, <FUNCTION>, "progid:".)
2019-11-25 23:27:27.063  WARN 12900 --- [pool-6-thread-1] c.g.htmlunit.DefaultCssErrorHandler      : CSS error: 'https://maxcdn.bootstrapcdn.com/bootstrap/4.0.0-beta/css/bootstrap.min.css' [6:78759] Error in expression. (Invalid token " ". Was expecting one of: <NUMBER>, "inherit", <IDENT>, <STRING>, <HASH>, <EMS>, <EXS>, <LENGTH_PX>, <LENGTH_CM>, <LENGTH_MM>, <LENGTH_IN>, <LENGTH_PT>, <LENGTH_PC>, <ANGLE_DEG>, <ANGLE_RAD>, <ANGLE_GRAD>, <TIME_MS>, <TIME_S>, <FREQ_HZ>, <FREQ_KHZ>, <RESOLUTION_DPI>, <RESOLUTION_DPCM>, <PERCENTAGE>, <DIMENSION>, <UNICODE_RANGE>, <URI>, <FUNCTION>, "progid:".)
2019-11-25 23:27:27.063  WARN 12900 --- [pool-6-thread-1] c.g.htmlunit.DefaultCssErrorHandler      : CSS error: 'https://maxcdn.bootstrapcdn.com/bootstrap/4.0.0-beta/css/bootstrap.min.css' [6:78801] Error in expression. (Invalid token " ". Was expecting one of: <NUMBER>, "inherit", <IDENT>, <STRING>, <HASH>, <EMS>, <EXS>, <LENGTH_PX>, <LENGTH_CM>, <LENGTH_MM>, <LENGTH_IN>, <LENGTH_PT>, <LENGTH_PC>, <ANGLE_DEG>, <ANGLE_RAD>, <ANGLE_GRAD>, <TIME_MS>, <TIME_S>, <FREQ_HZ>, <FREQ_KHZ>, <RESOLUTION_DPI>, <RESOLUTION_DPCM>, <PERCENTAGE>, <DIMENSION>, <UNICODE_RANGE>, <URI>, <FUNCTION>, "progid:".)
Hibernate: select account0_.id as id1_0_, account0_.password as password2_0_, account0_.username as username3_0_ from account account0_ where account0_.username=?
Hibernate: select authoritie0_.account_id as account_1_1_0_, authoritie0_.authorities as authorit2_1_0_ from account_authorities authoritie0_ where authoritie0_.account_id=?
]]></system-out>
  </testcase>
  <testcase name="adminCanSeeAdminPathAfterLogin" classname="onlyfortheselected.OnlyForTheSelectedApplicationTest" time="0.428"/>
</testsuite>